132
93
52
0
93
171
207
29
255
187
174
155
210
0
0
256
193
89
182
84
102
144
190
55
206
143
207
196
233
0
0
256
193
94
140
23
178
255
238
106
159
183
143
186
218
0
0
256
189
103
201
82
196
200
177
142
138
162
176
157
255
0
0
256
186
90
101
69
210
159
184
50
131
150
118
181
192
0
0
256
172
93
150
147
201
196
176
45
224
161
134
166
204
0
0
256
224
92
112
67
210
221
190
76
177
164
123
191
173
0
0
256
151
107
201
76
138
200
205
101
136
154
160
149
234
0
0
256
185
76
159
74
165
241
233
40
178
176
109
151
237
0
0
256
0
81
89
166
62
145
137
209
175
41
255
151
59
0
0
256
35
78
40
153
66
96
100
96
121
42
126
193
77
0
0
256
82
86
87
186
165
98
132
117
130
45
157
159
46
0
0
256
110
191
38
61
40
60
78
163
43
82
56
84
52
0
0
256
49
191
42
119
71
98
103
132
159
24
120
168
91
0
0
256
6
132
140
138
111
190
177
106
155
78
84
198
103
0
0
256
14
112
255
255
214
218
255
184
159
154
120
225
71
0
0
256
82
248
213
255
138
118
134
163
141
46
118
174
50
0
0
256
132
255
73
166
66
161
168
96
175
60
64
172
53
0
0
256
39
241
133
157
48
186
192
50
255
66
70
221
53
0
0
256
55
118
82
157
62
159
168
132
101
65
101
188
53
0
0
256
83
82
110
166
66
173
200
142
148
97
53
149
48
0
0
256
33
116
224
255
93
111
142
240
147
71
132
113
71
0
0
256
78
88
112
224
75
120
155
148
163
47
109
143
46
0
0
256
52
240
131
176
40
108
110
158
101
60
81
124
94
0
0
256
65
168
117
119
111
21
29
148
32
140
45
58
80
0
0
256
110
131
108
128
66
35
31
189
22
255
20
40
72
0
0
256
219
138
154
138
89
65
43
168
89
255
34
47
110
0
0
256
184
255
147
147
107
65
37
209
69
201
39
49
127
0
0
256
159
218
154
195
138
77
46
163
108
190
56
33
129
0
0
256
149
239
103
138
219
56
42
163
101
255
25
33
146
0
0
256
141
143
129
138
219
62
42
214
113
245
28
39
147
0
0
256
217
229
215
224
111
103
47
230
101
242
31
37
90
0
0
256
-432
-341
-435
-241
-200
29
-22
-64
-81
-127
-140
-328
-397
0
0
-196
-453
-187
-135
-150
-187
-194
-146
-113
-108
-616
65
48
-202
0
0
-221
-737
-521
-371
283
-78
147
120
52
236
-731
343
190
-471
0
0
363
-445
-313
-413
-326
-403
-355
55
-62
-11
-407
-258
-220
-51
0
0
-44
-301
-433
22
-405
-97
395
378
-223
197
-279
379
482
118
0
0
-27
-247
-451
-50
-191
-193
-413
-238
-202
-281
8
-167
-208
-331
0
0
-288
-425
251
-294
537
-141
-199
-365
136
-67
-115
-44
-252
-573
0
0
668
-105
-88
-334
-99
-162
-171
-292
-129
-439
-287
-448
-91
-311
0
0
-412
-314
-556
-247
-18
56
53
128
-183
-49
-532
414
73
-353
0
0
401
-186
-179
-117
-385
-34
-388
-56
-466
-315
72
-109
-118
-91
0
0
-502
-443
-186
-423
-341
-258
-115
-96
-280
-351
-79
-424
-29
-196
0
0
-194
-64
-114
-179
-155
-182
-341
-391
-424
-373
-114
81
-231
-468
0
0
-291
-125
-65
-372
-369
-467
-474
-142
-197
-481
6
-56
-9
-96
0
0
-326
-95
-267
-234
-139
47
-137
-418
-442
-325
-151
-78
-46
-242
0
0
-418
-322
-383
-143
-11
63
-263
-9
-304
-399
-365
-330
-173
-46
0
0
-366
0
0
0
0
0
0
0
0
0
0
0
0
0
0
0
0
-267
-542
-537
-604
-287
-346
-603
-460
-326
-331
-678
-608
-596
-599
-737
449
189
157
198
180
129
32
120
-125
180
-139
-125
259
217
21
-122
-355
-830
-908
-982
-946
-816
-899
-504
-797
-681
-658
-860
-800
-654
-888
-654
691
0
0
0
0
0
0
0
0
0
0
0
0
0
0
0
0
0
0
0
0
0
0
0
0
0
0
0
0
0
0
0
0
0
0
0
0
0
0
0
0
0
0
0
0
0
0
0
0
0
0
0
0
0
0
0
0
0
0
0
0
0
0
0
0
0
0
0
0
0
0
0
0
0
0
0
0
0
0
0
0
0
0
0
0
0
0
0
0
0
0
0
0
0
0
0
0
0
0
0
0
0
0
0
0
0
0
0
0
0
0
0
0
0
0
0
0
0
0
0
0
0
0
0
0
0
0
0
0
0
0
0
0
0
0
0
0
0
0
0
0
0
0
0
0
0
0
0
0
0
0
0
0
0
0
0
0
0
0
0
0
0
0
0
0
0
0
0
0
0
0
0
0
0
0
0
0
0
0
0
0
0
0
0
0
0
0
0
0
0
0
0
0
0
0
0
0
0
0
0
0
0
0
0
0
0
0
0
0
-1945833982
43058433
0
1728076293
0
-1039859064
89718784
87425024
0
33554176
63963136
149225486
-1543175295
287509505
83886085
0
943
189701
0
0
0
-1761279310
61276163
1281
0
1281
-855637574
86310954
436
381
1262748159
0
-318437711
159907840
-1794833922
-1274738764
0
1107296662
-788197991
179699722
0
110858
645
123141
-65536
-1526726655
-972749572
0
176358662
129892352
84070656
1315
0
18678015
-285211690
-1375410688
0
4925
-16777211
7931163
42074114
-16777150
84475136
0
116084
189701
84081920
487301120
0
-1039859064
84198144
84474112
0
62062595
159907840
125
99081
-754646278
82904324
0
4801448
0
0
-1358951744
0
453771775
0
1285
0
-301986817
251789311
42861825
87425024
13573
24969853
0
915
287509505
1430277
-352321439
0
1350
-1476394341
170245
0
1327
47644682
671100165
-65536
-855635033
1443185672
0
84123392
-1392180804
827653
4801460
0
-1056964603
1347
-821755473
0
-65536
463
42074114
62849037
-1022710272
6624550
0
199491595
-855635033
44171266
218347525
0
1320
99089
-1191181873
0
1281
-1022779904
27263393
-1275067975
6817109
0
0
61276163
-402324739
0
352581379
0
-1560281083
0
218347525
0
1284
-65536
95748096
436338687
-1610611803
-33554427
0
-2147251857
89784397
0
1293
0
1762329087
0
1761629701
0
1761629701
46465026
15739
721585920
2047803903
84009728
0
168709
299797
0
-602845440
0
25887213
0
82904324
0
26673152
134348799
83987968
755105791
638386687
-2045771265
0
84399360
58856734
0
-251655728
0
11010
0
84058880
0
-16777211
-16777211
-754797044
2080557056
-1912274461
-1124073467
0
1284
50135040
0
235667967
0
1341
0
62062595
0
-1593637215
1281
-16777211
235012095
503432960
251789311
0
84058880
-989511936
0
1281
0
-822083496
0
1196360191
0
33292288
62062595
1376
-1308619817
33095680
99609
0
-16777162
-65536
0
-16777211
0
-16777188
0
-65536
0
1281
-1274727936
18526
1870593
-469433935
1284
0
-16777162
-2147138738
0
-1660819695
0
-1073412399
0
242693
0
84474112
-939196001
383493
28246017
429
1124529664
0
251789311
22610175
0
-956300841
0
943
0
61931523
0
1291
30217285
287509505
151126015
41943428
1327
0
31784962
-670901248
0
1369
0
132972557
0
4801460
0
15877
15416
-1174076529
24969853
133496832
-16777162
0
26173707
-822083583
0
44893441
0
89981191
0
6423861
0
84006400
-1006632521
-754973528
328088
129025
1761629701
0
1560936959
-1173618177
0
1402
0
91816038
0
1560312069
0
711920129
1494155775
-65536
-65536
413
-1912602619
0
99609
-1845493755
0
4801448
0
84211200
0
-520093695
0
-972749572
231867659
58524672
96403466
60359937
3409187
0
-2030042460
-1258287667
0
42401794
0
22610175
0
257797
0
764677
1284
-335543101
287509505
90636378
352452607
0
838860805
65011718
0
990025472
0
4653741
0
6423861
0
1282
1644189957
89981191
33554176
-16777170
1283
0
-1945809408
31199567
0
328071
0
638321151
0
-2147138738
0
-2147138738
83985664
-16777211
-1291844694
33554176
-1560280374
0
26738688
738197509
6949
-1023410171
-1794833922
33554176
0
1282
84937729
28377088
83998464
84054787
235667967
-16777211
-16777211
0
-754973528
43122688
-1325400059
87621632
-1555671808
83993856
0
1349
33554176
1283
287509505
99609
328158
8192000
-65536
0
88473657
4653741
42401794
1313184
-2042223103
33292288
0
91816038
84008192
33554176
-402653104
91816038
1611334143
116084
-452984827
0
1282
82904324
5
133496832
89456640
436338687
0
-65536
-335543841
44631298
1397
1349
85920769
3409401
287509505
0
95748096
84595200
91885313
50332672
-1258291195
233219
0
31981570
66848002
33030544
-1073741796
-16777170
-16777170
-65536
89129027
0
22610175
287509505
1846215167
43122688
333876
352579331
0
87621632
201457663
0
-1912599304
84124416
61669376
3933475
84012817
0
28246016
763
-65536
328083
3671012
133496832
0
4801372
-1945809408
-502985279
1207973125
-16777162
-2130348278
28246016
84474112
0
0
0
0
0
0
0
0
0
0
0
0
0
0
0
0
0
0
0
0
0
0
0
0
0
0
0
0
0
0
0
0
0
0
0
0
0
0
0
0
0
0
0
0
0
0
0
0
0
0
0
0
0
0
0
0
0
0
0
0
0
0
0
0
0
0
0
0
0
0
0
0
0
0
0
0
0
0
0
0
0
0
0
0
0
0
0
0
0
0
0
0
0
0
0
0
0
0
0
0
0
0
0
0
0
0
0
0
0
0
0
0
0
0
0
0
0
0
0
0
0
0
0
0
0
0
0
0
0
0
0
0
0
0
0
0
0
0
0
0
0
0
0
0
0
0
0
0
0
0
0
0
0
0
0
0
0
0
0
0
0
0
0
0
0
0
0
0
0
0
0
0
0
0
0
0
0
0
0
0
0
0
0
0
0
0
0
0
0
0
0
0
0
0
0
0
0
0
0
0
0
0
0
0
0
0
0
0
0
0
0
0
0
0
0
0
0
0
0
0
0
0
0
0
0
0
0
0
0
0
0
0
0
0
0
0
0
0
0
0
0
0
0
0
0
0
0
0
0
0
0
0
0
0
0
0
0
0
0
0
0
0
0
0
0
0
0
0
0
0
0
0
0
0
0
0
0
0
0
0
0
0
0
0
0
0
0
0
0
0
0
0
0
0
0
0
0
0
0
0
0
0
0
0
0
0
0
0
0
0
0
0
0
0
0
0
0
0
0
0
0
0
0
0
0
0
0
0
0
0
0
0
0
0
0
0
0
0
0
0
0
0
0
0
0
0
0
0
0
0
0
0
0
0
0
0
0
0
0
0
0
0
0
0
0
0
0
0
0
0
0
0
0
0
0
0
0
0
0
0
0
0
0
0
0
0
0
0
0
0
0
0
0
0
0
0
0
0
0
0
0
0
0
0
0
0
0
0
0
0
0
0
0
0
0
0
0
0
0
0
0
0
0
0
0
0
0
0
0
0
0
0
0
0
0
0
0
0
0
0
0
0
0
0
0
0
0
0
0
0
0
0
0
0
0
0
0
0
0
0
0
0
0
0
0
0
0
0
0
0
0
0
0
0
0
0
0
0
0
0
0
0
0
0
0
0
0
0
0
0
0
0
0
0
0
0
0
0
0
0
0
0
0
0
0
0
0
0
0
0
0
0
0
132
93
52
0
93
171
207
29
255
187
174
155
210
0
0
256
193
89
182
84
102
144
190
55
206
143
207
196
233
0
0
256
193
94
140
23
178
255
238
106
159
183
143
186
218
0
0
256
189
103
201
82
196
200
177
142
138
162
176
157
255
0
0
256
186
90
101
69
210
159
184
50
131
150
118
181
192
0
0
256
172
93
150
147
201
196
176
45
224
161
134
166
204
0
0
256
224
92
112
67
210
221
190
76
177
164
123
191
173
0
0
256
151
107
201
76
138
200
205
101
136
154
160
149
234
0
0
256
185
76
159
74
165
241
233
40
178
176
109
151
237
0
0
256
0
81
89
166
62
145
137
209
175
41
255
151
59
0
0
256
35
78
40
153
66
96
100
96
121
42
126
193
77
0
0
256
82
86
87
186
165
98
132
117
130
45
157
159
46
0
0
256
110
191
38
61
40
60
78
163
43
82
56
84
52
0
0
256
49
191
42
119
71
98
103
132
159
24
120
168
91
0
0
256
6
132
140
138
111
190
177
106
155
78
84
198
103
0
0
256
14
112
255
255
214
218
255
184
159
154
120
225
71
0
0
256
82
248
213
255
138
118
134
163
141
46
118
174
50
0
0
256
132
255
73
166
66
161
168
96
175
60
64
172
53
0
0
256
39
241
133
157
48
186
192
50
255
66
70
221
53
0
0
256
55
118
82
157
62
159
168
132
101
65
101
188
53
0
0
256
83
82
110
166
66
173
200
142
148
97
53
149
48
0
0
256
33
116
224
255
93
111
142
240
147
71
132
113
71
0
0
256
78
88
112
224
75
120
155
148
163
47
109
143
46
0
0
256
52
240
131
176
40
108
110
158
101
60
81
124
94
0
0
256
65
168
117
119
111
21
29
148
32
140
45
58
80
0
0
256
110
131
108
128
66
35
31
189
22
255
20
40
72
0
0
256
219
138
154
138
89
65
43
168
89
255
34
47
110
0
0
256
184
255
147
147
107
65
37
209
69
201
39
49
127
0
0
256
159
218
154
195
138
77
46
163
108
190
56
33
129
0
0
256
149
239
103
138
219
56
42
163
101
255
25
33
146
0
0
256
141
143
129
138
219
62
42
214
113
245
28
39
147
0
0
256
217
229
215
224
111
103
47
230
101
242
31
37
90
0
0
256
-432
-341
-435
-241
-200
29
-22
-64
-81
-127
-140
-328
-397
0
0
-196
-453
-187
-135
-150
-187
-194
-146
-113
-108
-616
65
48
-202
0
0
-221
-737
-521
-371
283
-78
147
120
52
236
-731
343
190
-471
0
0
363
-445
-313
-413
-326
-403
-355
55
-62
-11
-407
-258
-220
-51
0
0
-44
-301
-433
22
-405
-97
395
378
-223
197
-279
379
482
118
0
0
-27
-247
-451
-50
-191
-193
-413
-238
-202
-281
8
-167
-208
-331
0
0
-288
-425
251
-294
537
-141
-199
-365
136
-67
-115
-44
-252
-573
0
0
668
-105
-88
-334
-99
-162
-171
-292
-129
-439
-287
-448
-91
-311
0
0
-412
-314
-556
-247
-18
56
53
128
-183
-49
-532
414
73
-353
0
0
401
-186
-179
-117
-385
-34
-388
-56
-466
-315
72
-109
-118
-91
0
0
-502
-443
-186
-423
-341
-258
-115
-96
-280
-351
-79
-424
-29
-196
0
0
-194
-64
-114
-179
-155
-182
-341
-391
-424
-373
-114
81
-231
-468
0
0
-291
-125
-65
-372
-369
-467
-474
-142
-197
-481
6
-56
-9
-96
0
0
-326
-95
-267
-234
-139
47
-137
-418
-442
-325
-151
-78
-46
-242
0
0
-418
-322
-383
-143
-11
63
-263
-9
-304
-399
-365
-330
-173
-46
0
0
-366
0
0
0
0
0
0
0
0
0
0
0
0
0
0
0
0
-267
-542
-537
-604
-287
-346
-603
-460
-326
-331
-678
-608
-596
-599
-737
449
189
157
198
180
129
32
120
-125
180
-139
-125
259
217
21
-122
-355
-830
-908
-982
-946
-816
-899
-504
-797
-681
-658
-860
-800
-654
-888
-654
691
0
0
0
0
0
0
0
0
0
0
0
0
0
0
0
0
0
0
0
0
0
0
0
0
0
0
0
0
0
0
0
0
0
0
0
0
0
0
0
0
0
0
0
0
0
0
0
0
0
0
0
0
0
0
0
0
0
0
0
0
0
0
0
0
0
0
0
0
0
0
0
0
0
0
0
0
0
0
0
0
0
0
0
0
0
0
0
0
0
0
0
0
0
0
0
0
0
0
0
0
0
0
0
0
0
0
0
0
0
0
0
0
0
0
0
0
0
0
0
0
0
0
0
0
0
0
0
0
0
0
0
0
0
0
0
0
0
0
0
0
0
0
0
0
0
0
0
0
0
0
0
0
0
0
0
0
0
0
0
0
0
0
0
0
0
0
0
0
0
0
0
0
0
0
0
0
0
0
0
0
0
0
0
0
0
0
0
0
0
0
0
0
0
0
0
0
0
0
0
0
0
0
0
0
0
0
0
0
0
0
37
0
245
0
11
0
64
0
0
0
0
0
0
256
0
0
20
0
238
0
7
0
47
0
0
0
0
0
0
256
0
0
11
0
241
0
3
0
34
0
0
0
0
0
0
256
0
0
7
0
216
0
7
0
24
0
0
0
0
0
0
256
0
0
17
0
215
0
13
0
51
0
0
0
0
0
0
256
0
0
25
0
216
0
17
0
40
0
0
0
0
0
0
256
0
0
14
0
224
0
9
0
41
0
0
0
0
0
0
256
0
0
13
0
228
0
9
0
33
0
0
0
0
0
0
256
0
0
11
0
236
0
4
0
33
0
0
0
0
0
0
256
2
7
245
1
231
0
206
0
202
0
0
0
0
0
0
256
2
9
221
3
207
0
198
0
173
0
1
1
1
1
1
256
1
4
204
0
180
0
189
0
168
0
0
0
0
0
0
256
3
4
44
4
57
1
211
2
46
1
2
2
4
1
1
256
1
6
176
2
174
0
201
0
103
0
0
0
0
0
0
256
1
2
173
0
227
0
125
0
100
0
0
0
0
0
0
256
0
0
157
0
216
0
109
0
73
0
0
0
0
0
0
256
0
1
104
0
88
0
215
0
42
0
0
0
0
0
0
256
0
1
82
0
133
0
183
0
41
0
0
0
0
0
0
256
0
2
160
0
218
0
164
0
62
0
0
0
0
0
0
256
1
4
191
1
204
0
179
0
128
0
0
0
0
0
0
256
1
2
159
1
191
0
152
0
97
0
0
0
0
0
0
256
0
2
174
0
118
0
214
0
76
0
0
0
0
0
0
256
1
3
207
1
167
0
205
0
133
0
0
0
0
0
0
256
0
3
82
1
84
0
218
0
36
0
0
0
0
0
0
256
1
2
22
1
23
2
221
1
26
1
1
2
2
1
1
256
1
0
5
1
11
2
214
1
9
1
1
1
2
1
0
256
0
0
1
0
12
0
137
0
4
0
0
0
0
0
0
256
0
0
1
0
6
0
185
0
2
0
0
0
0
0
0
256
0
0
3
0
10
0
192
0
5
0
0
0
0
0
0
256
0
0
1
0
6
0
170
0
2
0
0
0
0
0
0
256
0
0
2
0
12
0
148
0
5
0
0
0
0
0
0
256
0
0
1
0
4
0
192
0
1
0
0
0
0
0
0
256
125
90
40
0
143
83
63
0
153
79
76
0
162
75
102
0
146
81
75
0
143
81
73
0
150
80
79
0
152
79
82
0
154
79
80
0
3
174
0
0
5
161
0
0
8
152
0
0
56
90
63
0
13
137
1
0
22
133
2
0
34
122
4
0
39
102
28
0
50
100
29
0
22
127
3
0
11
145
1
0
22
128
3
0
18
126
5
0
9
147
1
0
45
98
39
0
77
79
120
0
99
71
164
0
153
63
206
0
128
67
194
0
120
69
186
0
136
65
200
0
146
64
202
0
124
67
194
0
0
0
0
0
0
0
0
0
0
0
0
0
0
0
0
0
0
0
0
0
0
0
0
0
0
0
0
0
0
0
0
0
0
0
0
0
0
0
0
0
0
0
0
0
0
0
0
0
0
0
0
0
0
0
0
0
0
0
0
0
0
0
0
0
0
0
0
0
0
0
0
0
0
0
0
0
0
0
0
0
0
0
0
0
0
0
0
0
0
0
0
0
0
0
0
0
0
0
0
0
0
0
0
0
0
0
0
0
0
0
0
0
0
0
0
0
0
0
0
0
0
0
0
0
0
0
0
0
0
0
0
0
0
0
0
0
0
0
0
0
0
0
0
0
0
0
0
0
0
0
0
0
0
0
0
0
0
0
0
0
0
0
0
0
0
0
0
0
0
0
0
0
0
0
0
0
0
0
0
0
0
0
0
0
0
0
0
0
0
0
0
0
0
0
0
0
0
0
0
0
0
0
0
0
0
0
0
0
0
0
0
0
0
0
0
0
0
0
0
0
0
0
0
0
0
0
0
0
0
0
0
0
0
0
0
0
0
0
0
0
0
0
0
0
0
0
0
0
0
0
0
0
0
0
0
0
0
0
0
0
0
0
0
0
0
0
0
0
0
0
0
0
0
0
0
0
0
0
0
0
0
0
0
0
0
0
0
0
0
0
0
0
0
0
0
0
0
0
0
0
0
0
0
0
0
0
0
0
0
0
0
0
0
0
0
0
0
0
0
0
0
0
0
0
0
0
0
0
0
0
0
0
0
0
0
0
0
0
0
0
0
0
0
0
0
0
0
0
0
0
0
0
0
0
0
0
0
0
0
0
0
0
0
0
0
0
0
0
0
0
0
0
0
0
0
0
0
0
0
0
0
0
0
0

C:\EE4218\mlp_nn\HLS_Predictor\solution1\sim\vhdl>call xelab xil_defaultlib.apatb_predictor_top -prj predictor.prj --initfile "C:/Xilinx/Vivado/2016.3/bin/../data/xsim/ip/xsim_ip.ini" --lib "ieee_proposed=./ieee_proposed" -s predictor  
INFO: [XSIM 43-3496] Using init file passed via -initfile option "C:/Xilinx/Vivado/2016.3/bin/../data/xsim/ip/xsim_ip.ini".
Vivado Simulator 2016.3
Copyright 1986-1999, 2001-2016 Xilinx, Inc. All Rights Reserved.
Running: C:/Xilinx/Vivado/2016.3/bin/unwrapped/win64.o/xelab.exe xil_defaultlib.apatb_predictor_top -prj predictor.prj --initfile C:/Xilinx/Vivado/2016.3/bin/../data/xsim/ip/xsim_ip.ini --lib ieee_proposed=./ieee_proposed -s predictor 
Multi-threading is on. Using 2 slave threads.
Determining compilation order of HDL files.
INFO: [VRFC 10-163] Analyzing VHDL file "C:/EE4218/mlp_nn/HLS_Predictor/solution1/sim/vhdl/AESL_sim_pkg.vhd" into library xil_defaultlib
INFO: [VRFC 10-163] Analyzing VHDL file "C:/EE4218/mlp_nn/HLS_Predictor/solution1/sim/vhdl/AESL_autobram_bram.vhd" into library xil_defaultlib
INFO: [VRFC 10-307] analyzing entity AESL_autobram_bram
INFO: [VRFC 10-163] Analyzing VHDL file "C:/EE4218/mlp_nn/HLS_Predictor/solution1/sim/vhdl/AESL_axi_slave_BUS_CTRL.vhd" into library xil_defaultlib
INFO: [VRFC 10-307] analyzing entity AESL_axi_slave_BUS_CTRL
INFO: [VRFC 10-163] Analyzing VHDL file "C:/EE4218/mlp_nn/HLS_Predictor/solution1/sim/vhdl/predictor.autotb.vhd" into library xil_defaultlib
INFO: [VRFC 10-307] analyzing entity apatb_predictor_top
INFO: [VRFC 10-163] Analyzing VHDL file "C:/EE4218/mlp_nn/HLS_Predictor/solution1/sim/vhdl/predictor.vhd" into library xil_defaultlib
INFO: [VRFC 10-307] analyzing entity predictor
INFO: [VRFC 10-163] Analyzing VHDL file "C:/EE4218/mlp_nn/HLS_Predictor/solution1/sim/vhdl/predictor_BUS_CTRL_s_axi.vhd" into library xil_defaultlib
INFO: [VRFC 10-307] analyzing entity predictor_BUS_CTRL_s_axi
INFO: [VRFC 10-163] Analyzing VHDL file "C:/EE4218/mlp_nn/HLS_Predictor/solution1/sim/vhdl/predictor_mul_32scud.vhd" into library xil_defaultlib
INFO: [VRFC 10-307] analyzing entity predictor_mul_32scud_MulnS_0
INFO: [VRFC 10-307] analyzing entity predictor_mul_32scud
INFO: [VRFC 10-163] Analyzing VHDL file "C:/EE4218/mlp_nn/HLS_Predictor/solution1/sim/vhdl/predictor_sigmoidbkb.vhd" into library xil_defaultlib
INFO: [VRFC 10-307] analyzing entity predictor_sigmoidbkb_rom
INFO: [VRFC 10-307] analyzing entity predictor_sigmoidbkb
Starting static elaboration
Completed static elaboration
Starting simulation data flow analysis
Completed simulation data flow analysis
Time Resolution for simulation is 1ps
Compiling package std.standard
Compiling package std.textio
Compiling package ieee.std_logic_1164
Compiling package ieee.std_logic_arith
Compiling package ieee.std_logic_unsigned
Compiling package ieee.numeric_std
Compiling package ieee.std_logic_textio
Compiling architecture rtl of entity xil_defaultlib.predictor_sigmoidbkb_rom [predictor_sigmoidbkb_rom_default]
Compiling architecture arch of entity xil_defaultlib.predictor_sigmoidbkb [predictor_sigmoidbkb_default]
Compiling architecture behave of entity xil_defaultlib.predictor_BUS_CTRL_s_axi [predictor_bus_ctrl_s_axi_default]
Compiling architecture behav of entity xil_defaultlib.predictor_mul_32scud_MulnS_0 [predictor_mul_32scud_mulns_0_def...]
Compiling architecture arch of entity xil_defaultlib.predictor_mul_32scud [\predictor_mul_32scud(id=1,num_s...]
Compiling architecture behav of entity xil_defaultlib.predictor [predictor_default]
Compiling architecture behav of entity xil_defaultlib.AESL_autobram_bram [aesl_autobram_bram_default]
Compiling architecture behav of entity xil_defaultlib.AESL_axi_slave_BUS_CTRL [aesl_axi_slave_bus_ctrl_default]
Compiling architecture behav of entity xil_defaultlib.apatb_predictor_top
Built simulation snapshot predictor

****** Webtalk v2016.3 (64-bit)
  **** SW Build 1682563 on Mon Oct 10 19:07:27 MDT 2016
  **** IP Build 1681267 on Mon Oct 10 21:28:31 MDT 2016
    ** Copyright 1986-2016 Xilinx, Inc. All Rights Reserved.

source C:/EE4218/mlp_nn/HLS_Predictor/solution1/sim/vhdl/xsim.dir/predictor/webtalk/xsim_webtalk.tcl -notrace
INFO: [Common 17-186] 'C:/EE4218/mlp_nn/HLS_Predictor/solution1/sim/vhdl/xsim.dir/predictor/webtalk/usage_statistics_ext_xsim.xml' has been successfully sent to Xilinx on Fri Nov 02 12:51:06 2018. For additional details about this file, please refer to the WebTalk help file at C:/Xilinx/Vivado/2016.3/doc/webtalk_introduction.html.
INFO: [Common 17-206] Exiting Webtalk at Fri Nov 02 12:51:06 2018...

****** xsim v2016.3 (64-bit)
  **** SW Build 1682563 on Mon Oct 10 19:07:27 MDT 2016
  **** IP Build 1681267 on Mon Oct 10 21:28:31 MDT 2016
    ** Copyright 1986-2016 Xilinx, Inc. All Rights Reserved.

source xsim.dir/predictor/xsim_script.tcl
# xsim {predictor} -autoloadwcfg -tclbatch {predictor.tcl}
Vivado Simulator 2016.3
Time resolution is 1 ps
source predictor.tcl
## run all
Note: simulation done!
Time: 942435 ns  Iteration: 1  Process: /apatb_predictor_top/generate_sim_done_proc  File: C:/EE4218/mlp_nn/HLS_Predictor/solution1/sim/vhdl/predictor.autotb.vhd
Failure: NORMAL EXIT (note: failure is to force the simulator to stop)
Time: 942435 ns  Iteration: 1  Process: /apatb_predictor_top/generate_sim_done_proc  File: C:/EE4218/mlp_nn/HLS_Predictor/solution1/sim/vhdl/predictor.autotb.vhd
$finish called at time : 942435 ns
## quit
INFO: [Common 17-206] Exiting xsim at Fri Nov 02 12:51:21 2018...
132
93
52
0
93
171
207
29
255
187
174
155
210
0
0
256
193
89
182
84
102
144
190
55
206
143
207
196
233
0
0
256
193
94
140
23
178
255
238
106
159
183
143
186
218
0
0
256
189
103
201
82
196
200
177
142
138
162
176
157
255
0
0
256
186
90
101
69
210
159
184
50
131
150
118
181
192
0
0
256
172
93
150
147
201
196
176
45
224
161
134
166
204
0
0
256
224
92
112
67
210
221
190
76
177
164
123
191
173
0
0
256
151
107
201
76
138
200
205
101
136
154
160
149
234
0
0
256
185
76
159
74
165
241
233
40
178
176
109
151
237
0
0
256
0
81
89
166
62
145
137
209
175
41
255
151
59
0
0
256
35
78
40
153
66
96
100
96
121
42
126
193
77
0
0
256
82
86
87
186
165
98
132
117
130
45
157
159
46
0
0
256
110
191
38
61
40
60
78
163
43
82
56
84
52
0
0
256
49
191
42
119
71
98
103
132
159
24
120
168
91
0
0
256
6
132
140
138
111
190
177
106
155
78
84
198
103
0
0
256
14
112
255
255
214
218
255
184
159
154
120
225
71
0
0
256
82
248
213
255
138
118
134
163
141
46
118
174
50
0
0
256
132
255
73
166
66
161
168
96
175
60
64
172
53
0
0
256
39
241
133
157
48
186
192
50
255
66
70
221
53
0
0
256
55
118
82
157
62
159
168
132
101
65
101
188
53
0
0
256
83
82
110
166
66
173
200
142
148
97
53
149
48
0
0
256
33
116
224
255
93
111
142
240
147
71
132
113
71
0
0
256
78
88
112
224
75
120
155
148
163
47
109
143
46
0
0
256
52
240
131
176
40
108
110
158
101
60
81
124
94
0
0
256
65
168
117
119
111
21
29
148
32
140
45
58
80
0
0
256
110
131
108
128
66
35
31
189
22
255
20
40
72
0
0
256
219
138
154
138
89
65
43
168
89
255
34
47
110
0
0
256
184
255
147
147
107
65
37
209
69
201
39
49
127
0
0
256
159
218
154
195
138
77
46
163
108
190
56
33
129
0
0
256
149
239
103
138
219
56
42
163
101
255
25
33
146
0
0
256
141
143
129
138
219
62
42
214
113
245
28
39
147
0
0
256
217
229
215
224
111
103
47
230
101
242
31
37
90
0
0
256
-432
-341
-435
-241
-200
29
-22
-64
-81
-127
-140
-328
-397
0
0
-196
-453
-187
-135
-150
-187
-194
-146
-113
-108
-616
65
48
-202
0
0
-221
-737
-521
-371
283
-78
147
120
52
236
-731
343
190
-471
0
0
363
-445
-313
-413
-326
-403
-355
55
-62
-11
-407
-258
-220
-51
0
0
-44
-301
-433
22
-405
-97
395
378
-223
197
-279
379
482
118
0
0
-27
-247
-451
-50
-191
-193
-413
-238
-202
-281
8
-167
-208
-331
0
0
-288
-425
251
-294
537
-141
-199
-365
136
-67
-115
-44
-252
-573
0
0
668
-105
-88
-334
-99
-162
-171
-292
-129
-439
-287
-448
-91
-311
0
0
-412
-314
-556
-247
-18
56
53
128
-183
-49
-532
414
73
-353
0
0
401
-186
-179
-117
-385
-34
-388
-56
-466
-315
72
-109
-118
-91
0
0
-502
-443
-186
-423
-341
-258
-115
-96
-280
-351
-79
-424
-29
-196
0
0
-194
-64
-114
-179
-155
-182
-341
-391
-424
-373
-114
81
-231
-468
0
0
-291
-125
-65
-372
-369
-467
-474
-142
-197
-481
6
-56
-9
-96
0
0
-326
-95
-267
-234
-139
47
-137
-418
-442
-325
-151
-78
-46
-242
0
0
-418
-322
-383
-143
-11
63
-263
-9
-304
-399
-365
-330
-173
-46
0
0
-366
0
0
0
0
0
0
0
0
0
0
0
0
0
0
0
0
-267
-542
-537
-604
-287
-346
-603
-460
-326
-331
-678
-608
-596
-599
-737
449
189
157
198
180
129
32
120
-125
180
-139
-125
259
217
21
-122
-355
-830
-908
-982
-946
-816
-899
-504
-797
-681
-658
-860
-800
-654
-888
-654
691
0
0
0
0
0
0
0
0
0
0
0
0
0
0
0
0
0
0
0
0
0
0
0
0
0
0
0
0
0
0
0
0
0
0
0
0
0
0
0
0
0
0
0
0
0
0
0
0
0
0
0
0
0
0
0
0
0
0
0
0
0
0
0
0
0
0
0
0
0
0
0
0
0
0
0
0
0
0
0
0
0
0
0
0
0
0
0
0
0
0
0
0
0
0
0
0
0
0
0
0
0
0
0
0
0
0
0
0
0
0
0
0
0
0
0
0
0
0
0
0
0
0
0
0
0
0
0
0
0
0
0
0
0
0
0
0
0
0
0
0
0
0
0
0
0
0
0
0
0
0
0
0
0
0
0
0
0
0
0
0
0
0
0
0
0
0
0
0
0
0
0
0
0
0
0
0
0
0
0
0
0
0
0
0
0
0
0
0
0
0
0
0
0
0
0
0
0
0
0
0
0
0
0
0
0
0
0
0
0
0
37
0
245
0
11
0
64
0
0
0
0
0
0
256
0
0
20
0
238
0
7
0
47
0
0
0
0
0
0
256
0
0
11
0
241
0
3
0
34
0
0
0
0
0
0
256
0
0
7
0
216
0
7
0
24
0
0
0
0
0
0
256
0
0
17
0
215
0
13
0
51
0
0
0
0
0
0
256
0
0
25
0
216
0
17
0
40
0
0
0
0
0
0
256
0
0
14
0
224
0
9
0
41
0
0
0
0
0
0
256
0
0
13
0
228
0
9
0
33
0
0
0
0
0
0
256
0
0
11
0
236
0
4
0
33
0
0
0
0
0
0
256
2
7
245
1
231
0
206
0
202
0
0
0
0
0
0
256
2
9
221
3
207
0
198
0
173
0
1
1
1
1
1
256
1
4
204
0
180
0
189
0
168
0
0
0
0
0
0
256
3
4
44
4
57
1
211
2
46
1
2
2
4
1
1
256
1
6
176
2
174
0
201
0
103
0
0
0
0
0
0
256
1
2
173
0
227
0
125
0
100
0
0
0
0
0
0
256
0
0
157
0
216
0
109
0
73
0
0
0
0
0
0
256
0
1
104
0
88
0
215
0
42
0
0
0
0
0
0
256
0
1
82
0
133
0
183
0
41
0
0
0
0
0
0
256
0
2
160
0
218
0
164
0
62
0
0
0
0
0
0
256
1
4
191
1
204
0
179
0
128
0
0
0
0
0
0
256
1
2
159
1
191
0
152
0
97
0
0
0
0
0
0
256
0
2
174
0
118
0
214
0
76
0
0
0
0
0
0
256
1
3
207
1
167
0
205
0
133
0
0
0
0
0
0
256
0
3
82
1
84
0
218
0
36
0
0
0
0
0
0
256
1
2
22
1
23
2
221
1
26
1
1
2
2
1
1
256
1
0
5
1
11
2
214
1
9
1
1
1
2
1
0
256
0
0
1
0
12
0
137
0
4
0
0
0
0
0
0
256
0
0
1
0
6
0
185
0
2
0
0
0
0
0
0
256
0
0
3
0
10
0
192
0
5
0
0
0
0
0
0
256
0
0
1
0
6
0
170
0
2
0
0
0
0
0
0
256
0
0
2
0
12
0
148
0
5
0
0
0
0
0
0
256
0
0
1
0
4
0
192
0
1
0
0
0
0
0
0
256
125
90
40
0
143
83
63
0
153
79
76
0
162
75
102
0
146
81
75
0
143
81
73
0
150
80
79
0
152
79
82
0
154
79
80
0
3
174
0
0
5
161
0
0
8
152
0
0
56
90
63
0
13
137
1
0
22
133
2
0
34
122
4
0
39
102
28
0
50
100
29
0
22
127
3
0
11
145
1
0
22
128
3
0
18
126
5
0
9
147
1
0
45
98
39
0
77
79
120
0
99
71
164
0
153
63
206
0
128
67
194
0
120
69
186
0
136
65
200
0
146
64
202
0
124
67
194
0
0
0
0
0
0
0
0
0
0
0
0
0
0
0
0
0
0
0
0
0
0
0
0
0
0
0
0
0
0
0
0
0
0
0
0
0
0
0
0
0
0
0
0
0
0
0
0
0
0
0
0
0
0
0
0
0
0
0
0
0
0
0
0
0
0
0
0
0
0
0
0
0
0
0
0
0
0
0
0
0
0
0
0
0
0
0
0
0
0
0
0
0
0
0
0
0
0
0
0
0
0
0
0
0
0
0
0
0
0
0
0
0
0
0
0
0
0
0
0
0
0
0
0
0
0
0
0
0
0
0
0
0
0
0
0
0
0
0
0
0
0
0
0
0
0
0
0
0
0
0
0
0
0
0
0
0
0
0
0
0
0
0
0
0
0
0
0
0
0
0
0
0
0
0
0
0
0
0
0
0
0
0
0
0
0
0
0
0
0
0
0
0
0
0
0
0
0
0
0
0
0
0
0
0
0
0
0
0
0
0
0
0
0
0
0
0
0
0
0
0
0
0
0
0
0
0
0
0
0
0
0
0
0
0
0
0
0
0
0
0
0
0
0
0
0
0
0
0
0
0
0
0
0
0
0
0
0
0
0
0
0
0
0
0
0
0
0
0
0
0
0
0
0
0
0
0
0
0
0
0
0
0
0
0
0
0
0
0
0
0
0
0
0
0
0
0
0
0
0
0
0
0
0
0
0
0
0
0
0
0
0
0
0
0
0
0
0
0
0
0
0
0
0
0
0
0
0
0
0
0
0
0
0
0
0
0
0
0
0
0
0
0
0
0
0
0
0
0
0
0
0
0
0
0
0
0
0
0
0
0
0
0
0
0
0
0
0
0
0
0
0
0
0
0
0
0
0
0
0
0
0
0
0
0
