Unable to capture context for thread 16664 in process 2720, can not generate back trace
Exception at PC 0x00007FF989DABB93
Printing stacktrace...

Unable to capture context for thread 16664 in process 2720, can not generate back trace
Exception at PC 0x00007FFA07D6A388
Exception at PC 0x00007FFA07D6A388
Exception at PC 0x00007FFA07D6A388
Exception at PC 0x00007FFA07D6A388
Exception at PC 0x00007FFA07D6A388
Exception at PC 0x00007FFA07D6A388
Exception at PC 0x00007FFA07D6A388
Exception at PC 0x00007FFA07D6A388
Exception at PC 0x00007FFA07D6A388
Exception at PC 0x00007FFA07D6A388
Exception at PC 0x00007FFA07D6A388
Exception at PC 0x00007FFA07D6A388
Exception at PC 0x00007FFA07D6A388
Exception at PC 0x00007FFA07D6A388
[0]  [0x00007FF989DABB93]
[1]  [0x00007FF989DABB93]
[2]  [0x00007FF989DAB4A1]
[3]  [0x00007FF989DAB3EF]
[4]  [0x00007FF989D919FE]
[5]  [0x00007FF989D90ED1]
[6]  [0x00007FF989D90D76]
[7]  [0x00007FF989D379F6]
[8]  [0x00007FF989D27AFB]
[9]  [0x00007FF989E4E90A]
[10]  [0x00007FF989E69F87]
[11]  [0x00007FF989E6A05F]
[12] (BaseThreadInitThunk+0x14) [0x00007FFA097A3034]
[13] (RtlUserThreadStart+0x21) [0x00007FFA0AD31461]
Done
Exception at PC 0x00007FFA07D6A388
Exception at PC 0x00007FFA07D6A388
Exception at PC 0x00007FFA07D6A388
Exception at PC 0x00007FFA07D6A388
Exception at PC 0x00007FFA07D6A388
Exception at PC 0x00007FFA07D6A388
