#-----------------------------------------------------------
# xsim v2016.3 (64-bit)
# SW Build 1682563 on Mon Oct 10 19:07:27 MDT 2016
# IP Build 1681267 on Mon Oct 10 21:28:31 MDT 2016
# Start of session at: Fri Nov 02 12:51:07 2018
# Process ID: 3548
# Current directory: C:/EE4218/mlp_nn/HLS_Predictor/solution1/sim/vhdl
# Command line: xsim.exe -mode tcl -source {xsim.dir/predictor/xsim_script.tcl}
# Log file: C:/EE4218/mlp_nn/HLS_Predictor/solution1/sim/vhdl/xsim.log
# Journal file: C:/EE4218/mlp_nn/HLS_Predictor/solution1/sim/vhdl\xsim.jou
#-----------------------------------------------------------
source xsim.dir/predictor/xsim_script.tcl
# xsim {predictor} -autoloadwcfg -tclbatch {predictor.tcl}
Vivado Simulator 2016.3
Time resolution is 1 ps
source predictor.tcl
## run all
Note: simulation done!
Time: 942435 ns  Iteration: 1  Process: /apatb_predictor_top/generate_sim_done_proc  File: C:/EE4218/mlp_nn/HLS_Predictor/solution1/sim/vhdl/predictor.autotb.vhd
Failure: NORMAL EXIT (note: failure is to force the simulator to stop)
Time: 942435 ns  Iteration: 1  Process: /apatb_predictor_top/generate_sim_done_proc  File: C:/EE4218/mlp_nn/HLS_Predictor/solution1/sim/vhdl/predictor.autotb.vhd
$finish called at time : 942435 ns
## quit
INFO: [Common 17-206] Exiting xsim at Fri Nov 02 12:51:21 2018...
