@I [HLS-0] Workspace C:/EE4218/mlp_nn/HLS_Predictor2/solution1 opened at Fri Nov 02 13:37:10 +0800 2018
@I [HLS-100] Execute     config_clock -quiet -name default -period 10 -default=false 
@I [SYN-201] Setting up clock 'default' with a period of 10ns.
@I [HLS-100] Command     config_clock returned 0; 0 sec.
@I [HLS-100] Execute     open_platform DefaultPlatform 
@I [HLS-100] Command     open_platform returned 0; 0 sec.
@I [HLS-100] Execute     import_lib C:/Xilinx/Vivado_HLS/2016.3/common/technology/xilinx/zynq/zynq 
@I [HLS-100] Execute       source C:/Xilinx/Vivado_HLS/2016.3/common/technology/xilinx/common/xilinx.lib 
@I [HLS-100] Execute         source C:/Xilinx/Vivado_HLS/2016.3/common/technology/xilinx/interface/xilinx_interface.lib 
@I [HLS-100] Execute           source C:/Xilinx/Vivado_HLS/2016.3/common/technology/xilinx/interface/plb46.lib 
@I [HLS-100] Command           ap_source returned 0; 0 sec.
@I [HLS-100] Execute           source C:/Xilinx/Vivado_HLS/2016.3/common/technology/xilinx/interface/fsl.lib 
@I [HLS-100] Command           ap_source returned 0; 0 sec.
@I [HLS-100] Execute           source C:/Xilinx/Vivado_HLS/2016.3/common/technology/xilinx/interface/axi4.lib 
@I [HLS-100] Command           ap_source returned 0; 0 sec.
@I [HLS-100] Execute           source C:/Xilinx/Vivado_HLS/2016.3/common/technology/xilinx/interface/maxi.lib 
@I [HLS-100] Command           ap_source returned 0; 0 sec.
@I [HLS-100] Execute           source C:/Xilinx/Vivado_HLS/2016.3/common/technology/xilinx/interface/saxilite.lib 
@I [HLS-100] Command           ap_source returned 0; 0 sec.
@I [HLS-100] Command         ap_source returned 0; 0 sec.
@I [HLS-100] Execute         source C:/Xilinx/Vivado_HLS/2016.3/common/technology/xilinx/common/dsp48.lib 
@I [HLS-100] Command         ap_source returned 0; 0 sec.
@I [HLS-100] Execute         source C:/Xilinx/Vivado_HLS/2016.3/common/technology/xilinx/ip/dds_compiler.lib 
@I [HLS-100] Command         ap_source returned 0; 0.017 sec.
@I [HLS-100] Execute         source C:/Xilinx/Vivado_HLS/2016.3/common/technology/xilinx/ip/xfft.lib 
@I [HLS-100] Command         ap_source returned 0; 0 sec.
@I [HLS-100] Execute         source C:/Xilinx/Vivado_HLS/2016.3/common/technology/xilinx/ip/xfir.lib 
@I [HLS-100] Command         ap_source returned 0; 0 sec.
@I [HLS-100] Command       ap_source returned 0; 0.019 sec.
@I [HLS-100] Execute       source C:/Xilinx/Vivado_HLS/2016.3/common/technology/xilinx/common/xilinx_old.lib 
@I [HLS-100] Command       ap_source returned 0; 0 sec.
@I [HLS-100] Execute       source C:/Xilinx/Vivado_HLS/2016.3/common/technology/xilinx/common/xilinx_vivado.lib 
@I [HLS-100] Command       ap_source returned 0; 0 sec.
@I [HLS-100] Execute       source C:/Xilinx/Vivado_HLS/2016.3/common/technology/xilinx/common/xilinx.hlp 
@I [HLS-100] Execute         source C:/Xilinx/Vivado_HLS/2016.3/common/technology/xilinx/common/target_info.tcl 
@I [HLS-100] Command         ap_source returned 0; 0 sec.
@I [HLS-100] Execute         source C:/Xilinx/Vivado_HLS/2016.3/common/technology/xilinx/interface/xilinx_interface.hlp 
@I [HLS-100] Execute           source C:/Xilinx/Vivado_HLS/2016.3/common/technology/xilinx/interface/maxi.hlp 
@I [HLS-100] Command           ap_source returned 0; 0 sec.
@I [HLS-100] Execute           source C:/Xilinx/Vivado_HLS/2016.3/common/technology/xilinx/interface/saxilite.hlp 
@I [HLS-100] Command           ap_source returned 0; 0 sec.
@I [HLS-100] Command         ap_source returned 0; 0 sec.
@I [HLS-100] Execute         source C:/Xilinx/Vivado_HLS/2016.3/common/technology/xilinx/common/dsp48.hlp 
@I [HLS-100] Command         ap_source returned 0; 0.016 sec.
@I [HLS-100] Command       ap_source returned 0; 0.016 sec.
@I [HLS-100] Execute       source C:/Xilinx/Vivado_HLS/2016.3/common/technology/xilinx/zynq/dsp48e1.hlp 
@I [HLS-100] Command       ap_source returned 0; 0.001 sec.
@I [HLS-100] Execute       get_default_platform 
@I [HLS-100] Command       get_default_platform returned 0; 0 sec.
@I [HLS-100] Execute       config_chip_info -quiet -resource  {SLICE 13300}  {LUT 53200}     {FF 106400} {DSP48E 220}   {BRAM 280}  
@I [HLS-100] Command       config_chip_info returned 0; 0 sec.
@I [HLS-100] Execute       config_chip_info -quiet -speed medium 
@I [HLS-100] Command       config_chip_info returned 0; 0 sec.
@I [HLS-100] Command     import_lib returned 0; 0.056 sec.
@I [HLS-100] Execute     source C:/Xilinx/Vivado_HLS/2016.3/common/technology/xilinx/zynq/zynq.gen 
@I [HLS-100] Execute       source C:/Xilinx/Vivado_HLS/2016.3/common/technology/xilinx/common/virtex.gen 
@I [HLS-100] Execute         source C:/Xilinx/Vivado_HLS/2016.3/common/technology/xilinx/common/xilinx.gen 
@I [HLS-100] Execute           source C:/Xilinx/Vivado_HLS/2016.3/common/technology/xilinx/interface/plb46.gen 
@I [HLS-100] Command           ap_source returned 0; 0.018 sec.
@I [HLS-100] Execute           source C:/Xilinx/Vivado_HLS/2016.3/common/technology/xilinx/interface/fsl.gen 
@I [HLS-100] Command           ap_source returned 0; 0.001 sec.
@I [HLS-100] Execute           source C:/Xilinx/Vivado_HLS/2016.3/common/technology/xilinx/interface/axi4.gen 
@I [HLS-100] Command           ap_source returned 0; 0 sec.
@I [HLS-100] Execute           source C:/Xilinx/Vivado_HLS/2016.3/common/technology/xilinx/interface/nativeAXI4.gen 
@I [HLS-100] Execute             source C:/Xilinx/Vivado_HLS/2016.3/common/technology/xilinx/interface/saxilite.gen 
@I [HLS-100] Command             ap_source returned 0; 0.017 sec.
@I [HLS-100] Execute             source C:/Xilinx/Vivado_HLS/2016.3/common/technology/xilinx/interface/maxi.gen 
@I [HLS-100] Command             ap_source returned 0; 0.019 sec.
@I [HLS-100] Command           ap_source returned 0; 0.051 sec.
@I [HLS-100] Execute           source C:/Xilinx/Vivado_HLS/2016.3/common/technology/xilinx/scripts/xilinxcoregen.gen 
@I [HLS-100] Command           ap_source returned 0; 0.035 sec.
@I [HLS-100] Execute           source C:/Xilinx/Vivado_HLS/2016.3/common/technology/xilinx/interface/XilEDKCoreGen.gen 
@I [HLS-100] Command           ap_source returned 0; 0.018 sec.
@I [HLS-100] Execute           source C:/Xilinx/Vivado_HLS/2016.3/common/technology/xilinx/ip/dds_compiler.gen 
@I [HLS-100] Command           ap_source returned 0; 0.016 sec.
@I [HLS-100] Execute           source C:/Xilinx/Vivado_HLS/2016.3/common/technology/xilinx/ip/util.gen 
@I [HLS-100] Command           ap_source returned 0; 0 sec.
@I [HLS-100] Execute           source C:/Xilinx/Vivado_HLS/2016.3/common/technology/xilinx/ip/xfft.gen 
@I [HLS-100] Command           ap_source returned 0; 0.305 sec.
@I [HLS-100] Execute           source C:/Xilinx/Vivado_HLS/2016.3/common/technology/xilinx/ip/xfir.gen 
@I [HLS-100] Command           ap_source returned 0; 0 sec.
@I [HLS-100] Command         ap_source returned 0; 0.448 sec.
@I [HLS-100] Execute         source C:/Xilinx/Vivado_HLS/2016.3/common/technology/xilinx/common/dsp48.gen 
@I [HLS-100] Command         ap_source returned 0; 0 sec.
@I [HLS-100] Command       ap_source returned 0; 0.465 sec.
@I [HLS-100] Command     ap_source returned 0; 0.465 sec.
@I [HLS-100] Execute     open_platform DefaultPlatform 
@I [HLS-100] Command     open_platform returned 0; 0 sec.
@I [HLS-100] Execute     import_lib C:/Xilinx/Vivado_HLS/2016.3/common/technology/xilinx/zynq/zynq_fpv6 
@I [HLS-100] Execute       source C:/Xilinx/Vivado_HLS/2016.3/common/technology/xilinx/common/xilinx_fpv7.lib 
@I [HLS-100] Execute         source C:/Xilinx/Vivado_HLS/2016.3/common/technology/xilinx/common/xilinx_hp.lib 
@I [HLS-100] Command         ap_source returned 0; 0.012 sec.
@I [HLS-100] Command       ap_source returned 0; 0.026 sec.
@I [HLS-100] Execute       source C:/Xilinx/Vivado_HLS/2016.3/common/technology/xilinx/common/xilinx_fpv.hlp 
@I [HLS-100] Execute         source C:/Xilinx/Vivado_HLS/2016.3/common/technology/xilinx/common/xilinx.hlp 
@I [HLS-100] Execute           source C:/Xilinx/Vivado_HLS/2016.3/common/technology/xilinx/common/target_info.tcl 
@I [HLS-100] Command           ap_source returned 0; 0.016 sec.
@I [HLS-100] Execute           source C:/Xilinx/Vivado_HLS/2016.3/common/technology/xilinx/interface/xilinx_interface.hlp 
@I [HLS-100] Execute             source C:/Xilinx/Vivado_HLS/2016.3/common/technology/xilinx/interface/maxi.hlp 
@I [HLS-100] Command             ap_source returned 0; 0 sec.
@I [HLS-100] Execute             source C:/Xilinx/Vivado_HLS/2016.3/common/technology/xilinx/interface/saxilite.hlp 
@I [HLS-100] Command             ap_source returned 0; 0 sec.
@I [HLS-100] Command           ap_source returned 0; 0 sec.
@I [HLS-100] Execute           source C:/Xilinx/Vivado_HLS/2016.3/common/technology/xilinx/common/dsp48.hlp 
@I [HLS-100] Command           ap_source returned 0; 0 sec.
@I [HLS-100] Command         ap_source returned 0; 0.016 sec.
@I [HLS-100] Command       ap_source returned 0; 0.016 sec.
@I [HLS-100] Execute       source C:/Xilinx/Vivado_HLS/2016.3/common/technology/xilinx/zynq/zynq_hp.hlp 
@I [HLS-100] Command       ap_source returned 0; 0.018 sec.
@I [HLS-100] Command     import_lib returned 0; 0.11 sec.
@I [HLS-100] Execute     source C:/Xilinx/Vivado_HLS/2016.3/common/technology/xilinx/zynq/zynq_fpv6.gen 
@I [HLS-100] Execute       source C:/Xilinx/Vivado_HLS/2016.3/common/technology/xilinx/common/xilinx_fpv6.gen 
@I [HLS-100] Command       ap_source returned 0; 0 sec.
@I [HLS-100] Command     ap_source returned 0; 0 sec.
@I [HLS-100] Execute     set_part xc7z020clg484-1 
@I [HLS-100] Execute       add_library xilinx/zynq/zynq:xc7z020:clg484:-1 
@I [HLS-100] Execute         get_default_platform 
@I [HLS-100] Command         get_default_platform returned 0; 0 sec.
@I [HLS-100] Execute         license_isbetapart xc7z020 
@I [HLS-100] Command         license_isbetapart returned 1; 0.06 sec.
@I [HLS-100] Execute         get_default_platform 
@I [HLS-100] Command         get_default_platform returned 0; 0 sec.
@I [HLS-100] Execute         config_chip_info -quiet -resource  {SLICE 13300}  {LUT 53200}     {FF 106400} {DSP48E 220}   {BRAM 280}  
@I [HLS-100] Command         config_chip_info returned 0; 0 sec.
@I [HLS-100] Execute         config_chip_info -quiet -speed slow 
@I [HLS-100] Command         config_chip_info returned 0; 0 sec.
@I [HLS-100] Command       add_library returned 0; 0.093 sec.
@I [HLS-100] Execute       add_library xilinx/zynq/zynq_fpv6 
@I [HLS-100] Execute         get_default_platform 
@I [HLS-100] Command         get_default_platform returned 0; 0 sec.
@I [HLS-100] Command       add_library returned 0; 0.011 sec.
@I [HLS-10] Setting target device to 'xc7z020clg484-1'
@I [HLS-100] Command     set_part returned 0; 0.127 sec.
@I [HLS-100] Execute     get_default_platform 
@I [HLS-100] Command     get_default_platform returned 0; 0 sec.
@I [HLS-100] Execute     config_chip_info -quiet -resource  {SLICE 13300}  {LUT 53200}     {FF 106400} {DSP48E 220}   {BRAM 280}  
@I [HLS-100] Command     config_chip_info returned 0; 0 sec.
@I [HLS-100] Execute     config_chip_info -quiet -speed slow 
@I [HLS-100] Command     config_chip_info returned 0; 0 sec.
@I [HLS-100] Command   open_solution returned 0; 0.849 sec.
@I [HLS-100] Execute   set_part xc7z020clg484-1 -tool vivado 
@I [HLS-100] Execute     add_library xilinx/zynq/zynq:xc7z020:clg484:-1 
@I [HLS-100] Execute       get_default_platform 
@I [HLS-100] Command       get_default_platform returned 0; 0 sec.
@I [HLS-100] Execute       license_isbetapart xc7z020 
@I [HLS-100] Command       license_isbetapart returned 1; 0 sec.
@I [HLS-100] Execute       get_default_platform 
@I [HLS-100] Command       get_default_platform returned 0; 0 sec.
@I [HLS-100] Execute       config_chip_info -quiet -resource  {SLICE 13300}  {LUT 53200}     {FF 106400} {DSP48E 220}   {BRAM 280}  
@I [HLS-100] Command       config_chip_info returned 0; 0 sec.
@I [HLS-100] Execute       config_chip_info -quiet -speed slow 
@I [HLS-100] Command       config_chip_info returned 0; 0 sec.
@I [HLS-100] Command     add_library returned 0; 0.027 sec.
@I [HLS-100] Execute     add_library xilinx/zynq/zynq_fpv6 
@I [HLS-100] Execute       get_default_platform 
@I [HLS-100] Command       get_default_platform returned 0; 0 sec.
@I [HLS-100] Command     add_library returned 0; 0.007 sec.
@I [HLS-100] Command   set_part returned 0; 0.038 sec.
@I [HLS-100] Execute   create_clock -period 10 -name default 
@I [HLS-100] Command   create_clock returned 0; 0 sec.
@I [HLS-100] Execute   csynth_design 
@I [HLS-100] Execute     elaborate -effort=medium -skip_syncheck=0 -keep_printf=0 -lm=0 -skip_cdt=0 -skip_transform=0 -ng=0 -g=0 -opt_fp=0 
@I [HLS-10] Analyzing design file 'HLS_Predictor2/core.cpp' ... 
@I [HLS-0] Compiling one TU...
@I [HLS-0] Handling HLS_Predictor2/core.cpp as C++
@I [HLS-0] Syntax Checking before pre-processing...
@I [HLS-100] Execute       clang  -fno-limit-debug-info -gcc-toolchain "C:/Xilinx/Vivado_HLS/2016.3/msys" -hls    -fno-math-errno -c -emit-llvm -O0  -mllvm -disable-llvm-optzns -fno-threadsafe-statics  -fno-use-cxa-atexit  -fno-threadsafe-statics -fno-use-cxa-atexit -Wno-attributes -Wno-gcc-compat -D__cdecl=   -I "C:/Xilinx/Vivado_HLS/2016.3/win64/tools/systemc/include" -I "C:/Xilinx/Vivado_HLS/2016.3/include" -I "C:/Xilinx/Vivado_HLS/2016.3/include/ap_sysc" -fexceptions -I "C:/Xilinx/Vivado_HLS/2016.3/common/technology/autopilot" -include etc/autopilot_ssdm_op.h "HLS_Predictor2/core.cpp"  -o "C:/EE4218/mlp_nn/HLS_Predictor2/solution1/.autopilot/db/core.pp.00.o" 
@I [HLS-100] Command       clang returned 0; 0.509 sec.
@I [HLS-100] Execute       is_encrypted C:/EE4218/mlp_nn/HLS_Predictor2/solution1/.autopilot/db/core.pp.00.o 
@I [HLS-100] Command       is_encrypted returned 0; 0 sec.
@I [HLS-0] Source preprocessing
@I [HLS-100] Execute       clang  -fno-limit-debug-info -gcc-toolchain "C:/Xilinx/Vivado_HLS/2016.3/msys" -hls -fno-exceptions  -D__llvm__  -CC -E "HLS_Predictor2/core.cpp"     -fno-math-errno -c -emit-llvm -O0  -mllvm -disable-llvm-optzns -fno-threadsafe-statics  -fno-use-cxa-atexit  -fno-threadsafe-statics -fno-use-cxa-atexit -Wno-attributes -Wno-gcc-compat -D__cdecl= -DAESL_SYN -D__SYNTHESIS__ -D__HLS_SYN__ -I "C:/Xilinx/Vivado_HLS/2016.3/common/technology/autopilot" -I "C:/Xilinx/Vivado_HLS/2016.3/common/technology/autopilot/ap_sysc" -include etc/autopilot_ssdm_op.h  -o "C:/EE4218/mlp_nn/HLS_Predictor2/solution1/.autopilot/db/core.pp.0.cpp" 
@I [HLS-100] Command       clang returned 0; 0.526 sec.
@I [HLS-0] GCC PP time: 0 seconds per iteration
@I [HLS-100] Execute       list_core -type functional_unit 
@I [HLS-100] Command       list_core returned 0; 0 sec.
@I [HLS-0] CDT Preprocessing...
@I [HLS-0] Marker-Pragma convertor: C:/EE4218/mlp_nn/HLS_Predictor2/solution1/.autopilot/db/core.pp.0.cpp C:/EE4218/mlp_nn/HLS_Predictor2/solution1/.autopilot/db/core.pp.0.cpp.ap-line.cpp C:/EE4218/mlp_nn/HLS_Predictor2/solution1/.autopilot/db/core.pp.0.cpp.ap-line.cpp.CXX 1
@I [HLS-0] Converting Markers to Pragmas...
@I [HLS-100] Execute       cdt  "C:/EE4218/mlp_nn/HLS_Predictor2/solution1/.autopilot/db/core.pp.0.cpp.ap-line.cpp"  -m "predictor2" -o "C:/EE4218/mlp_nn/HLS_Predictor2/solution1/.autopilot/db/core.pp.0.cpp.ap-cdt.cpp" --pp --directive C:/EE4218/mlp_nn/HLS_Predictor2/solution1/solution1.directive --source C:/EE4218/mlp_nn/HLS_Predictor2/core.cpp --error C:/EE4218/mlp_nn/HLS_Predictor2/solution1/.autopilot/db --funcunit "AddSub AddSub_DSP AddSubnS DAddSub_fulldsp DAddSub_nodsp DDiv DExp_fulldsp DExp_meddsp DExp_nodsp DLog_fulldsp DLog_meddsp DLog_nodsp DMul_fulldsp DMul_maxdsp DMul_meddsp DMul_nodsp DRSqrt DRecip DSqrt DivnS FAddSub_fulldsp FAddSub_nodsp FDiv FExp_fulldsp FExp_meddsp FExp_nodsp FLog_fulldsp FLog_meddsp FLog_nodsp FMul_fulldsp FMul_maxdsp FMul_meddsp FMul_nodsp FRSqrt_fulldsp FRSqrt_nodsp FRecip_fulldsp FRecip_nodsp FSqrt HAddSub_nodsp HDiv HMul_fulldsp HMul_maxdsp HMul_nodsp HSqrt Mul Mul2S Mul3S Mul4S Mul5S Mul6S Mul_LUT MulnS MuxnS" --ve --vetcl C:/EE4218/mlp_nn/HLS_Predictor2/solution1/.autopilot/db --ca --es --gf --pd --p2d C:/EE4218/mlp_nn/HLS_Predictor2/solution1/.autopilot/db --sd --scff C:/EE4218/mlp_nn/HLS_Predictor2/solution1/.autopilot/db/.systemc_flag --ad 
@I [HLS-100] Command       cdt returned 0; 2.925 sec.
@I [HLS-0] Marker-Pragma convertor: C:/EE4218/mlp_nn/HLS_Predictor2/solution1/.autopilot/db/core.pp.0.cpp.ap-cdt.cpp C:/EE4218/mlp_nn/HLS_Predictor2/solution1/.autopilot/db/core.pragma.0.cpp C:/EE4218/mlp_nn/HLS_Predictor2/solution1/.autopilot/db/core.pragma.0.cpp.ap-line.CXX 0
@I [HLS-0] Converting Pragmas to Markers...
@I [HLS-100] Execute       source C:/EE4218/mlp_nn/HLS_Predictor2/solution1/.autopilot/db/pragma.status.tcl 
@I [HLS-100] Command       ap_source returned 0; 0.002 sec.
@I [HLS-0] Pragma Handling...
@I [HLS-0] Source preprocessing
@I [HLS-100] Execute       clang  -fno-limit-debug-info -gcc-toolchain "C:/Xilinx/Vivado_HLS/2016.3/msys" -hls -fno-exceptions  -D__llvm__  -CC -E "C:/EE4218/mlp_nn/HLS_Predictor2/solution1/.autopilot/db/core.pragma.1.cpp"     -fno-math-errno -c -emit-llvm -O0  -mllvm -disable-llvm-optzns -fno-threadsafe-statics  -fno-use-cxa-atexit  -fno-threadsafe-statics -fno-use-cxa-atexit -Wno-attributes -Wno-gcc-compat -D__cdecl= -DAESL_SYN -D__SYNTHESIS__ -D__HLS_SYN__ -I "C:/Xilinx/Vivado_HLS/2016.3/common/technology/autopilot" -I "C:/Xilinx/Vivado_HLS/2016.3/common/technology/autopilot/ap_sysc" -include etc/autopilot_ssdm_op.h  -o "C:/EE4218/mlp_nn/HLS_Predictor2/solution1/.autopilot/db/core.pragma.2.cpp" 
@I [HLS-100] Command       clang returned 0; 0.438 sec.
@I [HLS-0] Processing labels
@I [HLS-100] Execute       clang  -fno-limit-debug-info -gcc-toolchain C:/Xilinx/Vivado_HLS/2016.3/msys -hls -hls-analyze-label -hls-analyze-pragma -fno-exceptions  -D__llvm__  -w  "C:/EE4218/mlp_nn/HLS_Predictor2/solution1/.autopilot/db/core.pragma.2.cpp"    -fno-math-errno -c -emit-llvm -O0  -mllvm -disable-llvm-optzns -fno-threadsafe-statics  -fno-use-cxa-atexit -DAESL_SYN -D__SYNTHESIS__ -D__HLS_SYN__ -I "C:/Xilinx/Vivado_HLS/2016.3/common/technology/autopilot" -I "C:/Xilinx/Vivado_HLS/2016.3/common/technology/autopilot/ap_sysc" -include etc/autopilot_ssdm_op.h -g -o "C:/EE4218/mlp_nn/HLS_Predictor2/solution1/.autopilot/db/core.g.bc" 
@I [HLS-100] Command       clang returned 0; 0.632 sec.
@I [HLS-100] Execute       source C:/EE4218/mlp_nn/HLS_Predictor2/solution1/.autopilot/db/ve_warning.tcl 
@I [HLS-100] Command       ap_source returned 0; 0 sec.
@I [HLS-10] Validating synthesis directives ...
@I [HLS-100] Execute       source C:/EE4218/mlp_nn/HLS_Predictor2/solution1/.autopilot/db/pragma.status.tcl 
@I [HLS-100] Command       ap_source returned 0; 0 sec.
@I [HLS-111] Finished Checking Pragmas Time (s): cpu = 00:00:02 ; elapsed = 00:00:08 . Memory (MB): peak = 93.004 ; gain = 43.813
@I [HLS-0] Linking Release ...
@I [HLS-100] Execute       llvm-ld C:/EE4218/mlp_nn/HLS_Predictor2/solution1/.autopilot/db/core.bc -disable-opt -LC:/Xilinx/Vivado_HLS/2016.3/win64/lib -lm_basic -o C:/EE4218/mlp_nn/HLS_Predictor2/solution1/.autopilot/db/a.o 
@I [HLS-100] Command       llvm-ld returned 0; 0.26 sec.
@I [HLS-100] Execute       disassemble C:/EE4218/mlp_nn/HLS_Predictor2/solution1/.autopilot/db/a.o C:/EE4218/mlp_nn/HLS_Predictor2/solution1/.autopilot/db/a.o 
@I [HLS-100] Execute         is_encrypted C:/EE4218/mlp_nn/HLS_Predictor2/solution1/.autopilot/db/a.o.bc 
@I [HLS-100] Command         is_encrypted returned 0; 0 sec.
@I [HLS-100] Command       disassemble returned 0; 0.042 sec.
@I [HLS-0] Disassemble time: 0 seconds per iteration
@I [HLS-0] Linking Debug ...
@I [HLS-100] Execute       llvm-ld C:/EE4218/mlp_nn/HLS_Predictor2/solution1/.autopilot/db/core.g.bc -disable-opt -LC:/Xilinx/Vivado_HLS/2016.3/win64/lib -lm_basic -o C:/EE4218/mlp_nn/HLS_Predictor2/solution1/.autopilot/db/a.g 
@I [HLS-100] Command       llvm-ld returned 0; 0.266 sec.
@I [HLS-100] Execute       disassemble C:/EE4218/mlp_nn/HLS_Predictor2/solution1/.autopilot/db/a.g C:/EE4218/mlp_nn/HLS_Predictor2/solution1/.autopilot/db/a.g 
@I [HLS-100] Execute         is_encrypted C:/EE4218/mlp_nn/HLS_Predictor2/solution1/.autopilot/db/a.g.bc 
@I [HLS-100] Command         is_encrypted returned 0; 0 sec.
@I [HLS-100] Command       disassemble returned 0; 0.051 sec.
@I [HLS-0] Disassemble time: 0 seconds per iteration
@I [HLS-111] Finished Linking Time (s): cpu = 00:00:02 ; elapsed = 00:00:08 . Memory (MB): peak = 93.035 ; gain = 43.844
@I [HLS-100] Execute       opt_and_import_c a -opt_level=2 -skip_syncheck=0 -ng=0 -keep_printf=0 
@I [HLS-100] Execute         cleanup_all_models 
@I [HLS-100] Command         cleanup_all_models returned 0; 0 sec.
@I [HLS-10] Starting code transformations ...
@I [HLS-100] Execute         transform -promote-dbg-pointer C:/EE4218/mlp_nn/HLS_Predictor2/solution1/.autopilot/db/a.pp.bc -o C:/EE4218/mlp_nn/HLS_Predictor2/solution1/.autopilot/db/a.pp.0.bc -f 
@I [HLS-100] Command         transform returned 0; 0.018 sec.
@I [HLS-100] Execute         llvm-ld C:/EE4218/mlp_nn/HLS_Predictor2/solution1/.autopilot/db/a.pp.0.bc -disable-opt -LC:/Xilinx/Vivado_HLS/2016.3/win64/lib -lfloatconversion -o C:/EE4218/mlp_nn/HLS_Predictor2/solution1/.autopilot/db/a.g.0 
@I [HLS-100] Command         llvm-ld returned 0; 0.262 sec.
@I [HLS-0] Running Standard Transforms...
@I [HLS-100] Execute         transform -hls -share-std-xform -always-inline -promote-dbg-pointer -interface-preproc -scalarrepl -mem2reg -keep-read-access -instcombine -dce -promote-dbg-pointer -bitop-raise -indvarspre -indvars -loop-simplify -xunroll -constprop -instcombine -simplifycfg -indvars -simplifycfg -dce -globaldce -basicaa -simplifycfg -mem2reg -globalopt -global-constprop -deadargelim -instcombine -simplifycfg -prune-eh -simplifycfg -scalarrepl -instcombine -reassociate -licm -simplifycfg -loop-simplify -indvars -instcombine -simplifycfg -mem2reg -loop-simplify -indvars -instcombine -gvn -gvn -instcombine -adce -break-crit-edges -simplifycfg -loop-delete -global-array-opt -dce -dse -adce -find-syn-modules -top predictor2 -deadargelim -mem2reg -instcombine -dce -presyn-prepare -auto-rom-infer -interface-preproc -syn-check -check-rec-only -find-region -simplifycfg -func-extr -function-inline -globaldce -mem2reg -instcombine -dce -gvn -globaldce -adce -adse -constprop -instcombine -bit-constprop -instcombine -dce -simplifycfg -bitop-raise -simplifycfg -dce -loop-delete -reassociate -globalopt -global-privatize -mem2reg -dce -global-constprop -pointer-simplify -constprop -dce -func-inst -deadargelim -promote-dbg-pointer -norm-name C:/EE4218/mlp_nn/HLS_Predictor2/solution1/.autopilot/db/a.g.0.bc -o C:/EE4218/mlp_nn/HLS_Predictor2/solution1/.autopilot/db/a.g.1.bc -f -phase std-opt 
@I [HLS-100] Command         transform returned 0; 0.052 sec.
@I [HLS-100] Execute         disassemble C:/EE4218/mlp_nn/HLS_Predictor2/solution1/.autopilot/db/a.g.1 C:/EE4218/mlp_nn/HLS_Predictor2/solution1/.autopilot/db/a.g.1 
@I [HLS-100] Execute           is_encrypted C:/EE4218/mlp_nn/HLS_Predictor2/solution1/.autopilot/db/a.g.1.bc 
@I [HLS-100] Command           is_encrypted returned 0; 0.009 sec.
@I [HLS-100] Command         disassemble returned 0; 0.097 sec.
@I [HLS-111] Finished Standard Transforms Time (s): cpu = 00:00:02 ; elapsed = 00:00:09 . Memory (MB): peak = 94.605 ; gain = 45.414
@I [HLS-10] Checking synthesizability ...
@I [HLS-0] Checking Synthesizability 1/2..
@I [HLS-100] Execute         transform -hls -syn-check -check-rec-only -disaggr -scalarrepl -norm-name -dce -mem2reg -instcombine -function-uniquify -directive-preproc -mem2reg -dse -dce -auto-rom-infer -dce -array-normalize -instcombine -dce -array-seg-normalize -instcombine -dce -array-flatten -instcombine -dce -array-burst -dce -deadargelim -promote-global-argument -simplifycfg -mem2reg -globaldce -resolve-double-ptr -dce -deadargelim -dce -instcombine -function-inline -globaldce -dce -doublePtrSimplify -doublePtrElim -dce -doublePtrSimplify -promote-dbg-pointer -dce -scalarrepl -dse -adse -instcombine -ptrLegalization -simplifycfg -dce -instcombine -pointer-simplify -ptrArgReplace -dce -instcombine -disaggr -scalarrepl -norm-name -dce -mem2reg -instcombine -ptrLegalization -simplifycfg -deadargelim -instcombine -dce -inst-simplify -function-uniquify -directive-preproc -mem2reg -dse -dce -globaldce C:/EE4218/mlp_nn/HLS_Predictor2/solution1/.autopilot/db/a.g.1.bc -o C:/EE4218/mlp_nn/HLS_Predictor2/solution1/.autopilot/db/a.g.2.prechk.bc -f 
@I [HLS-100] Command         transform returned 0; 0.079 sec.
@I [HLS-0] Checking Synthesizability 2/2..
@I [HLS-100] Execute         transform -syn-check C:/EE4218/mlp_nn/HLS_Predictor2/solution1/.autopilot/db/a.g.2.prechk.bc -o C:/EE4218/mlp_nn/HLS_Predictor2/solution1/.autopilot/db/a.g.2.bc -f -phase syn-check 
@I [HLS-100] Command         transform returned 0; 0.019 sec.
@I [HLS-111] Finished Checking Synthesizability Time (s): cpu = 00:00:02 ; elapsed = 00:00:09 . Memory (MB): peak = 94.820 ; gain = 45.629
@I [HLS-0] Compiler optimizing ...
@I [HLS-0] Share syncheck's 1.bc for syn flow: copy C:/EE4218/mlp_nn/HLS_Predictor2/solution1/.autopilot/db/a.g.1.bc to C:/EE4218/mlp_nn/HLS_Predictor2/solution1/.autopilot/db/a.o.1.bc
@I [HLS-0] Presyn 1...
@I [HLS-100] Execute         transform -hls -tmp C:/EE4218/mlp_nn/HLS_Predictor2/solution1/.autopilot/db -interface-port-rename -type-info -function-uniquify -directive-preproc -mem2reg -dse -dce -disaggr -scalarrepl -norm-name -deadargelim -mem2reg -instcombine -dce -auto-rom-infer -dce -function-uniquify -resource-proc -simplifycfg -mem2reg -globaldce -resolve-double-ptr -dce -deadargelim -dce -instcombine -clib-intrinsic-prepare -dce -func-buffer -dce -array-normalize -func-legal -instcombine -gvn -constprop -dce -ptrArgReplace -mem2reg -instcombine -dce -array-seg-normalize -deadargelim -instcombine -dce -pointer-simplify -dce -port-alignment -dce -interface-preproc -data-pack -instcombine -dce -basicaa -aggr-aa -aggrmodref-aa -aggr-aa -gvn -gvn -basicaa -aggr-aa -aggrmodref-aa -aggr-aa -dse -adse -adce -loop-simplify -indvars -instcombine -gvn -loop-simplify -mem2reg -dce -simplifycfg -find-region -instcombine -auto-loop-pipeline -inst-simplify -interface-preproc -cfgopt -instcombine -indvars -auto-loop-unroll -loop-simplify -loop-bound -xunroll -constprop -instcombine -simplifycfg -indvars -simplifycfg -dce -globaldce -clean-region -attach-range -gvn -inst-simplify -constprop -simplifycfg -dce -pointer-simplify -dce -globalopt -constprop -dce -array-promote -constprop -instcombine -dce -ptrArgReplace -mem2reg -instcombine -simplifycfg -dce -auto-par -instcombine -dce -array-transform-check -array-reshape -instcombine -simplifycfg -dce -ptrArgReplace -deadargelim -mem2reg -instcombine -simplifycfg -dce -indvars -loop-simplify -loop-bound -xunroll -constprop -instcombine -simplifycfg -indvars -simplifycfg -dce -globaldce -duplicate-dataflow-processes -globaldce -instcombine -array-partition -instcombine -simplifycfg -dce -ptrArgReplace -global-constprop -deadargelim -mem2reg -func-legal -instcombine -dce -global-constprop -deadargelim -mem2reg -instcombine -simplifycfg -dce -globalopt -constprop -dce -array-promote -constprop -instcombine -dce -ptrArgReplace -mem2reg -instcombine -simplifycfg -dce -mem-intrinsic-preproc -dce -global-privatize -mem2reg -globaldce -promote-global-argument -ptrArgReplace -mem2reg -instcombine -dce -globalopt -mergereturn -simplify-global-access -mem2reg -dce -pointer-simplify -dce -functionattrs -basicaa -aggr-aa -aggrmodref-aa -aggr-aa -gvn -gvn -basicaa -aggr-aa -aggrmodref-aa -aggr-aa -dse -adse -adce -inst-simplify -dce -norm-name -function-inline -globaldce -func-inst -constprop -instcombine -simplifycfg -dce -func-legal -dce -loop-bound -arraycheck -bitwidthmin -on-by-dataflow -loop-delete -instcombine -simplifycfg -globaldce -dce -gvn -deadargelim -dce -loop-simplify -clean-region -simplifycfg -propagate-stable-arguments -loop-stream -instcombine -simplifycfg -dce -globaldce -stream-intrinsic-preproc -dce -check-ap-stream -loop-simplify -eliminate-keepreads -extract-dataflow-in-loop -loop-simplify -dce -gvn -deadargelim -dse -check-dataflow-syntax -legalize-stream-variable -legalize-global -extract-subproc -dce -dead-channel-elimination -canonicalize-gep -globaldce -dce -gvn -deadargelim -annotate-dataflow-channels -scalar-propagation -deadargelim -globaldce -mem2reg -check-dataflow-channels -function-stream -dce -globaldce -prop-fifo-spec -internal-stream-gen -canonicalize-gep -globaldce -dce -gvn -deadargelim -mergereturn -indvars -loop-simplify -instcombine -array-stream -array-seg-normalize -array-partition -func-legal -instcombine -simplifycfg -dce -bundle-memfifo-ops -deadargelim -function-uniquify -directive-preproc -mem2reg -dse -dce -group-axi-access -licm -simplifycfg -dce -loop-delete -norm-name C:/EE4218/mlp_nn/HLS_Predictor2/solution1/.autopilot/db/a.o.1.bc -o C:/EE4218/mlp_nn/HLS_Predictor2/solution1/.autopilot/db/a.o.1.tmp.bc -f 
@I [XFORM-501] Unrolling loop 'Loop-1.1' (HLS_Predictor2/core.cpp:22) in function 'predictor2' completely.
@I [XFORM-501] Unrolling loop 'Loop-2.1' (HLS_Predictor2/core.cpp:37) in function 'predictor2' completely.
@I [HLS-100] Command         transform returned 0; 1.18 sec.
@I [HLS-0] Presyn 2...
@I [HLS-100] Execute         transform -hls -keep-callgraph -scalarrepl -mem2reg -port-alignment -attach-range -dce -pipe-mux-gen -indvars -loop-bound -inst-simplify -instcombine -dce -merge-array-access -mem2reg -dce -clean-region -mergereturn -if-conv -instcombine -dce -constprop -basicaa -aggr-aa -aggrmodref-aa -aggr-aa -gvn -gvn -basicaa -aggr-aa -aggrmodref-aa -aggr-aa -dse -adse -adce -scalarrepl -mem2reg -global-constprop -deadargelim -deadargelim -instcombine -dce -simplifycfg -ptrArgReplace -mem2reg -function-inline -globaldce -mem2reg -instcombine -dce -expr-balance -instcombine -dce -bitwidthmin -interface-preproc -directive-preproc -inst-rectify -instcombine -dce -functionattrs -constprop -instcombine -bit-constprop -simplify-global-access -globalopt -globaldce -inst-simplify -instcombine -elimdeaddata -dce -loop-delete -simplifycfg -loop-simplify -auto-burst -norm-name C:/EE4218/mlp_nn/HLS_Predictor2/solution1/.autopilot/db/a.o.1.tmp.bc -o C:/EE4218/mlp_nn/HLS_Predictor2/solution1/.autopilot/db/a.o.2.bc -f -phase presyn 
@I [XFORM-401] Performing if-conversion on hyperblock from (HLS_Predictor2/core.cpp:32:5) to (HLS_Predictor2/core.cpp:21:22) in function 'predictor2'... converting 2 basic blocks.
@I [XFORM-401] Performing if-conversion on hyperblock from (HLS_Predictor2/core.cpp:47:5) to (HLS_Predictor2/core.cpp:36:22) in function 'predictor2'... converting 2 basic blocks.
@I [HLS-100] Command         transform returned 0; 0.981 sec.
@I [HLS-100] Execute         disassemble C:/EE4218/mlp_nn/HLS_Predictor2/solution1/.autopilot/db/a.o.2 C:/EE4218/mlp_nn/HLS_Predictor2/solution1/.autopilot/db/a.o.2 
@I [HLS-100] Execute           is_encrypted C:/EE4218/mlp_nn/HLS_Predictor2/solution1/.autopilot/db/a.o.2.bc 
@I [HLS-100] Command           is_encrypted returned 0; 0 sec.
@I [HLS-100] Command         disassemble returned 0; 0.065 sec.
@I [HLS-111] Finished Pre-synthesis Time (s): cpu = 00:00:03 ; elapsed = 00:00:11 . Memory (MB): peak = 119.805 ; gain = 70.613
@I [HLS-0] Building ssdm...
@I [HLS-100] Execute         transform -hls -function-uniquify -auto-function-inline -globaldce -ptrArgReplace -mem2reg -instcombine -dce -reset-lda -loop-simplify -indvars -licm -loop-dep -loop-bound -licm -loop-simplify -flattenloopnest -array-flatten -gvn -instcombine -dce -array-map -dce -func-legal -gvn -adce -instcombine -cfgopt -simplifycfg -loop-simplify -array-burst -promote-global-argument -dce -axi4-lower -array-seg-normalize -basicaa -aggrmodref-aa -globalsmodref-aa -aggr-aa -gvn -gvn -basicaa -aggrmodref-aa -globalsmodref-aa -aggr-aa -dse -adse -adce -licm -inst-simplify -dce -globaldce -instcombine -array-stream -eliminate-keepreads -instcombine -dce -deadargelim -doublePtrSimplify -doublePtrElim -dce -doublePtrSimplify -promote-dbg-pointer -dce -scalarrepl -mem2reg -disaggr -norm-name -mem2reg -instcombine -dse -adse -adce -ptrLegalization -dce -auto-rom-infer -array-flatten -dce -instcombine -loop-rot -constprop -cfgopt -simplifycfg -loop-simplify -indvars -pointer-simplify -dce -loop-bound -loop-simplify -loop-preproc -constprop -global-constprop -gvn -mem2reg -instcombine -dce -loop-bound -loop-merge -dce -bitwidthmin -deadargelim -dce -canonicalize-dataflow -dce -scalar-propagation -deadargelim -globaldce -mem2reg -interface-preproc -interface-gen -deadargelim -directive-preproc -inst-simplify -dce -gvn -mem2reg -instcombine -dce -adse -loop-bound -instcombine -cfgopt -simplifycfg -loop-simplify -clean-region -io-protocol -find-region -mem2reg -bitop-raise -inst-simplify -inst-rectify -instcombine -adce -deadargelim -loop-simplify -phi-opt -bitop-raise -cfgopt -simplifycfg -strip-dead-prototypes -interface-lower -bitop-lower -intrinsic-lower -auto-function-inline -basicaa -aggrmodref-aa -globalsmodref-aa -aggr-aa -inst-simplify -simplifycfg -loop-simplify -mergereturn -inst-simplify -inst-rectify -dce -bitop-lower -loop-rewind -pointer-simplify -dce -cfgopt -read-loop-dep -dce -bitwidth -loop-dep -norm-name -legalize -cdfg-build C:/EE4218/mlp_nn/HLS_Predictor2/solution1/.autopilot/db/a.o.2.bc -o C:/EE4218/mlp_nn/HLS_Predictor2/solution1/.autopilot/db/a.o.3.bc -f -phase build-ssdm 
@W [XFORM-542] Cannot flatten a loop nest 'Loop-1' (HLS_Predictor2/core.cpp:21:7) in function 'predictor2' : 
               more than one sub loop.
@W [XFORM-542] Cannot flatten a loop nest 'Loop-2' (HLS_Predictor2/core.cpp:36:7) in function 'predictor2' : 
               more than one sub loop.
@I [HLS-100] Command         transform returned 0; 1.765 sec.
@I [HLS-100] Execute         disassemble C:/EE4218/mlp_nn/HLS_Predictor2/solution1/.autopilot/db/a.o.3 C:/EE4218/mlp_nn/HLS_Predictor2/solution1/.autopilot/db/a.o.3 
@I [HLS-100] Execute           is_encrypted C:/EE4218/mlp_nn/HLS_Predictor2/solution1/.autopilot/db/a.o.3.bc 
@I [HLS-100] Command           is_encrypted returned 0; 0 sec.
@I [HLS-100] Command         disassemble returned 0; 0.076 sec.
@I [HLS-111] Finished Architecture Synthesis Time (s): cpu = 00:00:05 ; elapsed = 00:00:13 . Memory (MB): peak = 119.805 ; gain = 70.613
@I [HLS-0] Finish building internal data model.
@I [HLS-100] Command       opt_and_import_c returned 0; 4.675 sec.
@I [HLS-100] Command     elaborate returned 0; 10.672 sec.
@I [HLS-100] Execute     autosyn 
@I [HLS-10] Starting hardware synthesis ...
@I [HLS-0] Synthesizing C/C++ design ...
@I [HLS-10] Synthesizing 'predictor2' ...
@I [HLS-100] Execute       ap_set_top_model predictor2 
@I [HLS-100] Command       ap_set_top_model returned 0; 0 sec.
@I [HLS-100] Execute       get_model_list predictor2 -filter all-wo-channel -topdown 
@I [HLS-100] Command       get_model_list returned 0; 0 sec.
@I [HLS-100] Execute       preproc_iomode -model predictor2 
@I [HLS-100] Command       preproc_iomode returned 0; 0.012 sec.
@I [HLS-100] Execute       get_model_list predictor2 -filter all-wo-channel 
@I [HLS-100] Command       get_model_list returned 0; 0 sec.
@I [HLS-0] Model list for configure: predictor2
@I [HLS-0] Configuring Module : predictor2 ...
@I [HLS-100] Execute       set_default_model predictor2 
@I [HLS-100] Command       set_default_model returned 0; 0 sec.
@I [HLS-100] Execute       apply_spec_resource_limit predictor2 
@I [HLS-100] Command       apply_spec_resource_limit returned 0; 0 sec.
@I [HLS-0] Model list for preprocess: predictor2
@I [HLS-0] Preprocessing Module: predictor2 ...
@I [HLS-100] Execute       set_default_model predictor2 
@I [HLS-100] Command       set_default_model returned 0; 0 sec.
@I [HLS-100] Execute       cdfg_preprocess -model predictor2 
@I [HLS-100] Command       cdfg_preprocess returned 0; 0.015 sec.
@I [HLS-100] Execute       rtl_gen_preprocess predictor2 
@I [HLS-100] Command       rtl_gen_preprocess returned 0; 0 sec.
@I [HLS-0] Model list for synthesis: predictor2
@I [HLS-10] ----------------------------------------------------------------
@I [HLS-10] -- Implementing module 'predictor2' 
@I [HLS-10] ----------------------------------------------------------------
@I [HLS-100] Execute       set_default_model predictor2 
@I [HLS-100] Command       set_default_model returned 0; 0 sec.
@I [HLS-100] Execute       schedule -model predictor2 
@I [SCHED-11] Starting scheduling ...
@I [SCHED-61] Pipelining loop 'Loop 1.1'.
@W [SCHED-69] Unable to schedule 'load' operation ('bram_load_1', HLS_Predictor2/core.cpp:27) on array 'bram' due to limited memory ports.
@I [SCHED-61] Pipelining result: Target II: 1, Final II: 2, Depth: 9.
@I [SCHED-61] Pipelining loop 'Loop 1.2'.
@W [SCHED-69] Unable to schedule 'load' operation ('bram_load_16', HLS_Predictor2/core.cpp:27) on array 'bram' due to limited memory ports.
@I [SCHED-61] Pipelining result: Target II: 1, Final II: 2, Depth: 9.
@I [SCHED-61] Pipelining loop 'Loop 1.3'.
@W [SCHED-69] Unable to schedule 'load' operation ('bram_load_20', HLS_Predictor2/core.cpp:27) on array 'bram' due to limited memory ports.
@I [SCHED-61] Pipelining result: Target II: 1, Final II: 2, Depth: 9.
@I [SCHED-61] Pipelining loop 'Loop 1.4'.
@W [SCHED-69] Unable to schedule 'load' operation ('bram_load_24', HLS_Predictor2/core.cpp:27) on array 'bram' due to limited memory ports.
@I [SCHED-61] Pipelining result: Target II: 1, Final II: 2, Depth: 9.
@I [SCHED-61] Pipelining loop 'Loop 1.5'.
@W [SCHED-69] Unable to schedule 'load' operation ('bram_load_25', HLS_Predictor2/core.cpp:27) on array 'bram' due to limited memory ports.
@I [SCHED-61] Pipelining result: Target II: 1, Final II: 2, Depth: 9.
@I [SCHED-61] Pipelining loop 'Loop 1.6'.
@W [SCHED-69] Unable to schedule 'load' operation ('bram_load_26', HLS_Predictor2/core.cpp:27) on array 'bram' due to limited memory ports.
@I [SCHED-61] Pipelining result: Target II: 1, Final II: 2, Depth: 9.
@I [SCHED-61] Pipelining loop 'Loop 1.7'.
@W [SCHED-69] Unable to schedule 'load' operation ('bram_load_27', HLS_Predictor2/core.cpp:27) on array 'bram' due to limited memory ports.
@I [SCHED-61] Pipelining result: Target II: 1, Final II: 2, Depth: 9.
@I [SCHED-61] Pipelining loop 'Loop 1.8'.
@W [SCHED-69] Unable to schedule 'load' operation ('bram_load_28', HLS_Predictor2/core.cpp:27) on array 'bram' due to limited memory ports.
@I [SCHED-61] Pipelining result: Target II: 1, Final II: 2, Depth: 9.
@I [SCHED-61] Pipelining loop 'Loop 1.9'.
@W [SCHED-69] Unable to schedule 'load' operation ('bram_load_29', HLS_Predictor2/core.cpp:27) on array 'bram' due to limited memory ports.
@I [SCHED-61] Pipelining result: Target II: 1, Final II: 2, Depth: 9.
@I [SCHED-61] Pipelining loop 'Loop 1.10'.
@W [SCHED-69] Unable to schedule 'load' operation ('bram_load_30', HLS_Predictor2/core.cpp:27) on array 'bram' due to limited memory ports.
@I [SCHED-61] Pipelining result: Target II: 1, Final II: 2, Depth: 9.
@I [SCHED-61] Pipelining loop 'Loop 1.11'.
@W [SCHED-69] Unable to schedule 'load' operation ('bram_load_31', HLS_Predictor2/core.cpp:27) on array 'bram' due to limited memory ports.
@I [SCHED-61] Pipelining result: Target II: 1, Final II: 2, Depth: 9.
@I [SCHED-61] Pipelining loop 'Loop 1.12'.
@W [SCHED-69] Unable to schedule 'load' operation ('bram_load_32', HLS_Predictor2/core.cpp:27) on array 'bram' due to limited memory ports.
@I [SCHED-61] Pipelining result: Target II: 1, Final II: 2, Depth: 9.
@I [SCHED-61] Pipelining loop 'Loop 1.13'.
@W [SCHED-69] Unable to schedule 'load' operation ('bram_load_33', HLS_Predictor2/core.cpp:27) on array 'bram' due to limited memory ports.
@I [SCHED-61] Pipelining result: Target II: 1, Final II: 2, Depth: 9.
@I [SCHED-61] Pipelining loop 'Loop 1.14'.
@W [SCHED-69] Unable to schedule 'load' operation ('bram_load_34', HLS_Predictor2/core.cpp:27) on array 'bram' due to limited memory ports.
@I [SCHED-61] Pipelining result: Target II: 1, Final II: 2, Depth: 9.
@I [SCHED-61] Pipelining loop 'Loop 1.15'.
@W [SCHED-69] Unable to schedule 'load' operation ('bram_load_35', HLS_Predictor2/core.cpp:27) on array 'bram' due to limited memory ports.
@I [SCHED-61] Pipelining result: Target II: 1, Final II: 2, Depth: 9.
@I [SCHED-61] Pipelining loop 'Loop 2.1'.
@W [SCHED-69] Unable to schedule 'load' operation ('bram_load_3', HLS_Predictor2/core.cpp:42) on array 'bram' due to limited memory ports.
@I [SCHED-61] Pipelining result: Target II: 1, Final II: 2, Depth: 9.
@I [SCHED-61] Pipelining loop 'Loop 2.2'.
@W [SCHED-69] Unable to schedule 'load' operation ('bram_load_18', HLS_Predictor2/core.cpp:42) on array 'bram' due to limited memory ports.
@I [SCHED-61] Pipelining result: Target II: 1, Final II: 2, Depth: 9.
@I [SCHED-61] Pipelining loop 'Loop 2.3'.
@W [SCHED-69] Unable to schedule 'load' operation ('bram_load_22', HLS_Predictor2/core.cpp:42) on array 'bram' due to limited memory ports.
@I [SCHED-61] Pipelining result: Target II: 1, Final II: 2, Depth: 9.
@I [SCHED-11] Finished scheduling.
@I [HLS-100] Command       schedule returned 0; 3.052 sec.
@I [HLS-111]  Elapsed time: 16.098 seconds; current allocated memory: 85.687 MB.
@I [HLS-100] Execute       report -o C:/EE4218/mlp_nn/HLS_Predictor2/solution1/.autopilot/db/predictor2.verbose.sched.rpt -verbose -f 
@I [HLS-100] Command       report returned 0; 0.223 sec.
@I [HLS-100] Execute       db_write -o C:/EE4218/mlp_nn/HLS_Predictor2/solution1/.autopilot/db/predictor2.sched.adb -f 
@I [HLS-100] Command       db_write returned 0; 0.388 sec.
@I [HLS-0] Finish scheduling predictor2.
@I [HLS-100] Execute       set_default_model predictor2 
@I [HLS-100] Command       set_default_model returned 0; 0 sec.
@I [HLS-100] Execute       bind -model predictor2 
@I [BIND-110] clear=
@I [BIND-110] debug=
@I [BIND-110] drf=
@I [BIND-110] effort=
@I [BIND-110] fast_refine=
@I [BIND-110] fu_weight=[ 0.0 -- 1.0 ]
@I [BIND-110] global_opt=
@I [BIND-110] gsearch=
@I [BIND-110] help=
@I [BIND-110] help-hidden=
@I [BIND-110] min_mem_port=
@I [BIND-110] min_op=
@I [BIND-110] minreg=
@I [BIND-110] ml=
@I [BIND-110] model=predictor2
@I [BIND-110] no_false_path=
@I [BIND-110] no_min_op=
@I [BIND-110] normalize=
@I [BIND-110] quiet=
@I [BIND-110] refine=
@I [BIND-110] reg_weight=[ 0.0 -- 1.0 ]
@I [BIND-110] search=
@I [BIND-110] tight_delay=
@I [BIND-110] verbose=
@I [BIND-110] wFF=
@I [BIND-110] wFU=
@I [BIND-110] wMUX=
@I [BIND-110] wNET=
@I [BIND-100] Starting micro-architecture generation ...
@I [BIND-101] Performing variable lifetime analysis.
@I [BIND-101] Exploring resource sharing.
@I [BIND-101] Binding ...
@I [BIND-100] Finished micro-architecture generation.
@I [HLS-100] Command       bind returned 0; 0.278 sec.
@I [HLS-111]  Elapsed time: 0.955 seconds; current allocated memory: 85.425 MB.
@I [HLS-100] Execute       report -o C:/EE4218/mlp_nn/HLS_Predictor2/solution1/.autopilot/db/predictor2.verbose.bind.rpt -verbose -f 
@I [HLS-100] Command       report returned 0; 0.275 sec.
@I [HLS-100] Execute       db_write -o C:/EE4218/mlp_nn/HLS_Predictor2/solution1/.autopilot/db/predictor2.bind.adb -f 
@I [HLS-100] Command       db_write returned 0; 0.307 sec.
@I [HLS-0] Finish binding predictor2.
@I [HLS-100] Execute       get_model_list predictor2 -filter all-wo-channel 
@I [HLS-100] Command       get_model_list returned 0; 0 sec.
@I [HLS-0] Preprocessing for RTLGen ...
@I [HLS-100] Execute       rtl_gen_preprocess predictor2 
@I [HLS-100] Command       rtl_gen_preprocess returned 0; 0 sec.
@I [HLS-0] Model list for RTL generation: predictor2
@I [HLS-10] ----------------------------------------------------------------
@I [HLS-10] -- Generating RTL for module 'predictor2' 
@I [HLS-10] ----------------------------------------------------------------
@I [HLS-100] Execute       create_rtl_model predictor2 -vendor xilinx -mg_file C:/EE4218/mlp_nn/HLS_Predictor2/solution1/.autopilot/db/predictor2.compgen.tcl 
@I [RTGEN-500] Setting interface mode on port 'predictor2/bram' to 'bram'.
@I [RTGEN-500] Setting interface mode on function 'predictor2' to 's_axilite & ap_ctrl_hs'.
@I [SYN-210] Renamed object name 'predictor2_sigmoid_lut' to 'predictor2_sigmoibkb' due to the length limit 20
@I [RTGEN-100] Bundling port 'return' to AXI-Lite port BUS_CTRL.
@I [SYN-210] Renamed object name 'predictor2_mul_32s_32s_32_6' to 'predictor2_mul_32cud' due to the length limit 20
@I [RTGEN-100] Generating core module 'predictor2_mul_32cud': 1 instance(s).
@I [RTGEN-100] Finished creating RTL model for 'predictor2'.
@I [HLS-100] Command       create_rtl_model returned 0; 0.574 sec.
@I [HLS-111]  Elapsed time: 1.211 seconds; current allocated memory: 89.450 MB.
@I [HLS-100] Execute       source C:/EE4218/mlp_nn/HLS_Predictor2/solution1/.autopilot/db/predictor2.rtl_wrap.cfg.tcl 
@I [HLS-100] Command       ap_source returned 0; 0.001 sec.
@I [HLS-100] Execute       gen_rtl predictor2 -istop -style xilinx -tracefl mytrace -tracefmt vcd -traceopt all -f -lang sc -o C:/EE4218/mlp_nn/HLS_Predictor2/solution1/syn/systemc/predictor2 -synmodules predictor2 
@I [HLS-100] Command       gen_rtl returned 0; 0.042 sec.
@I [HLS-100] Execute       gen_rtl predictor2 -istop -style xilinx -f -lang vhdl -o C:/EE4218/mlp_nn/HLS_Predictor2/solution1/syn/vhdl/predictor2 
@I [HLS-100] Command       gen_rtl returned 0; 0.194 sec.
@I [HLS-100] Execute       gen_rtl predictor2 -istop -style xilinx -f -lang vlog -o C:/EE4218/mlp_nn/HLS_Predictor2/solution1/syn/verilog/predictor2 
@I [HLS-100] Command       gen_rtl returned 0; 0.139 sec.
@I [HLS-100] Execute       export_constraint_db -o C:/EE4218/mlp_nn/HLS_Predictor2/solution1/.autopilot/db/predictor2.constraint.tcl -f -tool general 
@I [HLS-100] Command       export_constraint_db returned 0; 0.002 sec.
@I [HLS-100] Execute       report -model predictor2 -o C:/EE4218/mlp_nn/HLS_Predictor2/solution1/.autopilot/db/predictor2.design.xml -verbose -f -dv 
@I [HLS-100] Command       report returned 0; 0.194 sec.
@I [HLS-100] Execute       report -model predictor2 -o C:/EE4218/mlp_nn/HLS_Predictor2/solution1/.autopilot/db/predictor2.sdaccel.xml -verbose -f -sdaccel 
@I [HLS-100] Command       report returned 0; 0.289 sec.
@I [HLS-100] Execute       gen_tb_info predictor2 -o C:/EE4218/mlp_nn/HLS_Predictor2/solution1/.autopilot/db/predictor2 -p C:/EE4218/mlp_nn/HLS_Predictor2/solution1/.autopilot/db 
@I [HLS-100] Command       gen_tb_info returned 0; 0.028 sec.
@I [HLS-100] Execute       report -model predictor2 -o C:/EE4218/mlp_nn/HLS_Predictor2/solution1/syn/report/predictor2_csynth.rpt -f 
@I [HLS-100] Command       report returned 0; 0.158 sec.
@I [HLS-100] Execute       report -model predictor2 -o C:/EE4218/mlp_nn/HLS_Predictor2/solution1/syn/report/predictor2_csynth.xml -f -x 
@I [HLS-100] Command       report returned 0; 0.138 sec.
@I [HLS-100] Execute       report -model predictor2 -o C:/EE4218/mlp_nn/HLS_Predictor2/solution1/.autopilot/db/predictor2.verbose.rpt -verbose -f 
@I [HLS-100] Command       report returned 0; 0.382 sec.
@I [HLS-100] Execute       db_write -model predictor2 -o C:/EE4218/mlp_nn/HLS_Predictor2/solution1/.autopilot/db/predictor2.adb -f 
@I [HLS-100] Command       db_write returned 0; 0.377 sec.
@I [HLS-100] Execute       sc_get_clocks predictor2 
@I [HLS-100] Command       sc_get_clocks returned 0; 0 sec.
@I [HLS-100] Execute       sc_get_portdomain predictor2 
@I [HLS-100] Command       sc_get_portdomain returned 0; 0 sec.
@I [HLS-0] Model list for RTL component generation: predictor2
@I [HLS-0] Handling components in module [predictor2] ... 
@I [HLS-100] Execute       source C:/EE4218/mlp_nn/HLS_Predictor2/solution1/.autopilot/db/predictor2.compgen.tcl 
@I [HLS-0] Found component predictor2_mul_32cud.
@I [HLS-0] Append model predictor2_mul_32cud
@I [HLS-0] Found component predictor2_sigmoibkb.
@I [HLS-0] Append model predictor2_sigmoibkb
@I [HLS-0] Found component predictor2_BUS_CTRL_s_axi.
@I [HLS-0] Append model predictor2_BUS_CTRL_s_axi
@I [HLS-100] Command       ap_source returned 0; 0.007 sec.
@I [HLS-0] Append model predictor2
@I [HLS-0] Generating RTL model list ...
@I [HLS-0] All models in this session: predictor2_mul_32cud predictor2_sigmoibkb predictor2_BUS_CTRL_s_axi predictor2
@I [HLS-0] To file: write model predictor2_mul_32cud
@I [HLS-0] To file: write model predictor2_sigmoibkb
@I [HLS-0] To file: write model predictor2_BUS_CTRL_s_axi
@I [HLS-0] To file: write model predictor2
@I [HLS-0] Finished generating RTL model list.


@I [HLS-0] RTL Generation done.
@I [HLS-0] CAS Generation done.
@I [HLS-0] CBC Generation done.
@I [HLS-100] Execute       export_ssdm C:/EE4218/mlp_nn/HLS_Predictor2/solution1/.autopilot/db/a.export.ll 
@I [HLS-100] Command       export_ssdm returned 0; 0.003 sec.
@I [HLS-100] Execute       source C:/EE4218/mlp_nn/HLS_Predictor2/solution1/.autopilot/db/global.setting.tcl 
@I [HLS-100] Command       ap_source returned 0; 0.001 sec.
@I [HLS-100] Execute       source C:/Xilinx/Vivado_HLS/2016.3/common/technology/generic/autopilot/common.gen 
@I [HLS-100] Execute         source C:/Xilinx/Vivado_HLS/2016.3/common/technology/generic/autopilot/APCoreGen.gen 
@I [HLS-100] Command         ap_source returned 0; 0 sec.
@I [HLS-100] Command       ap_source returned 0; 0 sec.
@I [HLS-100] Execute       source C:/Xilinx/Vivado_HLS/2016.3/common/technology/generic/autopilot/op.gen 
@I [HLS-100] Command       ap_source returned 0; 0 sec.
@I [HLS-100] Execute       source C:/Xilinx/Vivado_HLS/2016.3/common/technology/generic/autopilot/op_simcore.gen 
@I [HLS-100] Command       ap_source returned 0; 0 sec.
@I [HLS-100] Execute       source C:/Xilinx/Vivado_HLS/2016.3/common/technology/generic/autopilot/interface.gen 
@I [HLS-100] Command       ap_source returned 0; 0 sec.
@I [HLS-100] Execute       source C:/EE4218/mlp_nn/HLS_Predictor2/solution1/.autopilot/db/global.setting.tcl 
@I [HLS-100] Command       ap_source returned 0; 0 sec.
@I [HLS-100] Execute       source C:/Xilinx/Vivado_HLS/2016.3/common/technology/xilinx/zynq/zynq.gen 
@I [HLS-100] Execute         source C:/Xilinx/Vivado_HLS/2016.3/common/technology/xilinx/common/virtex.gen 
@I [HLS-100] Execute           source C:/Xilinx/Vivado_HLS/2016.3/common/technology/xilinx/common/xilinx.gen 
@I [HLS-100] Execute             source C:/Xilinx/Vivado_HLS/2016.3/common/technology/xilinx/interface/plb46.gen 
@I [HLS-100] Command             ap_source returned 0; 0 sec.
@I [HLS-100] Execute             source C:/Xilinx/Vivado_HLS/2016.3/common/technology/xilinx/interface/fsl.gen 
@I [HLS-100] Command             ap_source returned 0; 0 sec.
@I [HLS-100] Execute             source C:/Xilinx/Vivado_HLS/2016.3/common/technology/xilinx/interface/axi4.gen 
@I [HLS-100] Command             ap_source returned 0; 0.017 sec.
@I [HLS-100] Execute             source C:/Xilinx/Vivado_HLS/2016.3/common/technology/xilinx/interface/nativeAXI4.gen 
@I [HLS-100] Execute               source C:/Xilinx/Vivado_HLS/2016.3/common/technology/xilinx/interface/saxilite.gen 
@I [HLS-100] Command               ap_source returned 0; 0.008 sec.
@I [HLS-100] Execute               source C:/Xilinx/Vivado_HLS/2016.3/common/technology/xilinx/interface/maxi.gen 
@I [HLS-100] Command               ap_source returned 0; 0.024 sec.
@I [HLS-100] Command             ap_source returned 0; 0.032 sec.
@I [HLS-100] Execute             source C:/Xilinx/Vivado_HLS/2016.3/common/technology/xilinx/scripts/xilinxcoregen.gen 
@I [HLS-100] Command             ap_source returned 0; 0.024 sec.
@I [HLS-100] Execute             source C:/Xilinx/Vivado_HLS/2016.3/common/technology/xilinx/interface/XilEDKCoreGen.gen 
@I [HLS-100] Command             ap_source returned 0; 0.015 sec.
@I [HLS-100] Execute             source C:/Xilinx/Vivado_HLS/2016.3/common/technology/xilinx/ip/dds_compiler.gen 
@I [HLS-100] Command             ap_source returned 0; 0.007 sec.
@I [HLS-100] Execute             source C:/Xilinx/Vivado_HLS/2016.3/common/technology/xilinx/ip/util.gen 
@I [HLS-100] Command             ap_source returned 0; 0 sec.
@I [HLS-100] Execute             source C:/Xilinx/Vivado_HLS/2016.3/common/technology/xilinx/ip/xfft.gen 
@I [HLS-100] Command             ap_source returned 0; 0.206 sec.
@I [HLS-100] Execute             source C:/Xilinx/Vivado_HLS/2016.3/common/technology/xilinx/ip/xfir.gen 
@I [HLS-100] Command             ap_source returned 0; 0.003 sec.
@I [HLS-100] Command           ap_source returned 0; 0.314 sec.
@I [HLS-100] Execute           source C:/Xilinx/Vivado_HLS/2016.3/common/technology/xilinx/common/dsp48.gen 
@I [HLS-100] Command           ap_source returned 0; 0.005 sec.
@I [HLS-100] Command         ap_source returned 0; 0.324 sec.
@I [HLS-100] Command       ap_source returned 0; 0.339 sec.
@I [HLS-100] Execute       source C:/Xilinx/Vivado_HLS/2016.3/common/technology/xilinx/zynq/zynq_fpv6.gen 
@I [HLS-100] Execute         source C:/Xilinx/Vivado_HLS/2016.3/common/technology/xilinx/common/xilinx_fpv6.gen 
@I [HLS-100] Command         ap_source returned 0; 0 sec.
@I [HLS-100] Command       ap_source returned 0; 0 sec.
@I [HLS-100] Execute       source C:/EE4218/mlp_nn/HLS_Predictor2/solution1/.autopilot/db/global.setting.tcl 
@I [HLS-100] Command       ap_source returned 0; 0 sec.
@I [HLS-100] Execute       source C:/EE4218/mlp_nn/HLS_Predictor2/solution1/.autopilot/db/global.setting.tcl 
@I [HLS-100] Command       ap_source returned 0; 0 sec.
@I [HLS-100] Execute       source C:/EE4218/mlp_nn/HLS_Predictor2/solution1/.autopilot/db/global.setting.tcl 
@I [HLS-100] Command       ap_source returned 0; 0.01 sec.
@I [HLS-100] Execute       source C:/EE4218/mlp_nn/HLS_Predictor2/solution1/.autopilot/db/global.setting.tcl 
@I [HLS-100] Command       ap_source returned 0; 0 sec.
@I [HLS-100] Execute       source C:/EE4218/mlp_nn/HLS_Predictor2/solution1/.autopilot/db/predictor2.compgen.tcl 
@I [RTMG-282] Generating pipelined core: 'predictor2_mul_32cud_MulnS_0'
@I [RTMG-279] Implementing memory 'predictor2_sigmoibkb_rom' using auto ROMs.
@I [HLS-100] Execute         source ./BUS_CTRL.slave.tcl 
@I [HLS-100] Command         ap_source returned 0; 0.001 sec.
@I [HLS-100] Command       ap_source returned 0; 0.535 sec.
@I [HLS-111] Finished generating all RTL models Time (s): cpu = 00:00:10 ; elapsed = 00:00:22 . Memory (MB): peak = 138.652 ; gain = 89.461
@I [SYSC-301] Generating SystemC RTL for predictor2.
@I [VHDL-304] Generating VHDL RTL for predictor2.
@I [VLOG-307] Generating Verilog RTL for predictor2.
@I [HLS-100] Command     autosyn returned 0; 9.496 sec.
@I [HLS-100] Command   csynth_design returned 0; 20.169 sec.
@I [HLS-100] Command ap_source returned 0; 21.103 sec.
@I [HLS-100] Execute cleanup_all 
@I [HLS-100] Command cleanup_all returned 0; 0.023 sec.
